TN:
SF:src\components\ActionFilters.tsx
FN:16,(anonymous_0)
FN:28,(anonymous_1)
FN:63,(anonymous_2)
FN:85,(anonymous_3)
FN:89,(anonymous_4)
FN:97,(anonymous_5)
FN:111,(anonymous_6)
FN:155,(anonymous_7)
FN:167,(anonymous_8)
FN:179,(anonymous_9)
FN:191,(anonymous_10)
FN:203,(anonymous_11)
FN:215,(anonymous_12)
FN:227,(anonymous_13)
FN:253,(anonymous_14)
FN:269,(anonymous_15)
FN:285,(anonymous_16)
FN:300,(anonymous_17)
FN:305,(anonymous_18)
FNF:19
FNH:0
FNDA:0,(anonymous_0)
FNDA:0,(anonymous_1)
FNDA:0,(anonymous_2)
FNDA:0,(anonymous_3)
FNDA:0,(anonymous_4)
FNDA:0,(anonymous_5)
FNDA:0,(anonymous_6)
FNDA:0,(anonymous_7)
FNDA:0,(anonymous_8)
FNDA:0,(anonymous_9)
FNDA:0,(anonymous_10)
FNDA:0,(anonymous_11)
FNDA:0,(anonymous_12)
FNDA:0,(anonymous_13)
FNDA:0,(anonymous_14)
FNDA:0,(anonymous_15)
FNDA:0,(anonymous_16)
FNDA:0,(anonymous_17)
FNDA:0,(anonymous_18)
DA:1,1
DA:2,1
DA:9,1
DA:16,1
DA:17,0
DA:19,0
DA:28,1
DA:29,0
DA:31,0
DA:63,1
DA:81,0
DA:85,0
DA:89,0
DA:90,0
DA:97,0
DA:98,0
DA:101,0
DA:111,0
DA:155,0
DA:167,0
DA:179,0
DA:191,0
DA:203,0
DA:215,0
DA:227,0
DA:253,0
DA:269,0
DA:285,0
DA:300,0
DA:306,0
DA:322,1
DA:324,1
LF:32
LH:8
BRDA:17,0,0,0
BRDA:17,0,1,0
BRDA:29,1,0,0
BRDA:29,1,1,0
BRDA:70,2,0,0
BRDA:71,3,0,0
BRDA:72,4,0,0
BRDA:82,5,0,0
BRDA:82,5,1,0
BRDA:82,5,2,0
BRDA:82,5,3,0
BRDA:92,6,0,0
BRDA:92,6,1,0
BRDA:121,7,0,0
BRDA:121,7,1,0
BRDA:133,8,0,0
BRDA:133,8,1,0
BRDA:140,9,0,0
BRDA:140,9,1,0
BRDA:146,10,0,0
BRDA:146,10,1,0
BRDA:150,11,0,0
BRDA:150,11,1,0
BRDA:163,12,0,0
BRDA:163,12,1,0
BRDA:175,13,0,0
BRDA:175,13,1,0
BRDA:177,14,0,0
BRDA:177,14,1,0
BRDA:187,15,0,0
BRDA:187,15,1,0
BRDA:199,16,0,0
BRDA:199,16,1,0
BRDA:211,17,0,0
BRDA:211,17,1,0
BRDA:223,18,0,0
BRDA:223,18,1,0
BRDA:243,19,0,0
BRDA:243,19,1,0
BRDA:252,20,0,0
BRDA:252,20,1,0
BRDA:253,21,0,0
BRDA:253,21,1,0
BRDA:268,22,0,0
BRDA:268,22,1,0
BRDA:269,23,0,0
BRDA:269,23,1,0
BRDA:284,24,0,0
BRDA:284,24,1,0
BRDA:285,25,0,0
BRDA:285,25,1,0
BRDA:299,26,0,0
BRDA:299,26,1,0
BRDA:300,27,0,0
BRDA:300,27,1,0
BRDA:310,28,0,0
BRDA:310,28,1,0
BRF:57
BRH:0
end_of_record
TN:
SF:src\components\ActionModal.tsx
FN:26,(anonymous_0)
FN:38,(anonymous_1)
FN:58,(anonymous_2)
FN:68,(anonymous_3)
FN:74,(anonymous_4)
FN:75,(anonymous_5)
FN:81,(anonymous_6)
FN:85,(anonymous_7)
FN:98,(anonymous_8)
FN:106,(anonymous_9)
FN:133,(anonymous_10)
FN:314,(anonymous_11)
FNF:12
FNH:0
FNDA:0,(anonymous_0)
FNDA:0,(anonymous_1)
FNDA:0,(anonymous_2)
FNDA:0,(anonymous_3)
FNDA:0,(anonymous_4)
FNDA:0,(anonymous_5)
FNDA:0,(anonymous_6)
FNDA:0,(anonymous_7)
FNDA:0,(anonymous_8)
FNDA:0,(anonymous_9)
FNDA:0,(anonymous_10)
FNDA:0,(anonymous_11)
DA:2,1
DA:16,1
DA:26,1
DA:27,0
DA:29,0
DA:38,1
DA:39,0
DA:40,0
DA:58,1
DA:66,0
DA:68,0
DA:69,0
DA:70,0
DA:73,0
DA:74,0
DA:75,0
DA:76,0
DA:78,0
DA:81,0
DA:82,0
DA:85,0
DA:86,0
DA:88,0
DA:90,0
DA:92,0
DA:94,0
DA:98,0
DA:99,0
DA:100,0
DA:101,0
DA:102,0
DA:103,0
DA:106,0
DA:107,0
DA:109,0
DA:111,0
DA:113,0
DA:115,0
DA:119,0
DA:121,0
DA:133,0
DA:314,0
DA:327,1
LF:43
LH:6
BRDA:27,0,0,0
BRDA:27,0,1,0
BRDA:40,1,0,0
BRDA:40,1,1,0
BRDA:64,2,0,0
BRDA:66,3,0,0
BRDA:66,3,1,0
BRDA:66,4,0,0
BRDA:66,4,1,0
BRDA:69,5,0,0
BRDA:69,5,1,0
BRDA:69,6,0,0
BRDA:69,6,1,0
BRDA:73,7,0,0
BRDA:73,7,1,0
BRDA:76,8,0,0
BRDA:76,8,1,0
BRDA:82,9,0,0
BRDA:82,9,1,0
BRDA:86,10,0,0
BRDA:86,10,1,0
BRDA:86,10,2,0
BRDA:86,10,3,0
BRDA:99,11,0,0
BRDA:99,11,1,0
BRDA:100,12,0,0
BRDA:100,12,1,0
BRDA:101,13,0,0
BRDA:101,13,1,0
BRDA:101,14,0,0
BRDA:101,14,1,0
BRDA:102,15,0,0
BRDA:102,15,1,0
BRDA:102,16,0,0
BRDA:102,16,1,0
BRDA:107,17,0,0
BRDA:107,17,1,0
BRDA:107,17,2,0
BRDA:107,17,3,0
BRDA:131,18,0,0
BRDA:131,18,1,0
BRDA:186,19,0,0
BRDA:186,19,1,0
BRDA:234,20,0,0
BRDA:234,20,1,0
BRDA:241,21,0,0
BRDA:241,21,1,0
BRDA:245,22,0,0
BRDA:245,22,1,0
BRDA:256,23,0,0
BRDA:256,23,1,0
BRDA:279,24,0,0
BRDA:279,24,1,0
BRDA:293,25,0,0
BRDA:293,25,1,0
BRDA:312,26,0,0
BRDA:312,26,1,0
BRF:57
BRH:0
end_of_record
TN:
SF:src\components\ActionStats.tsx
FN:9,(anonymous_1)
FN:22,(anonymous_2)
FN:27,(anonymous_3)
FN:72,(anonymous_4)
FN:85,(anonymous_5)
FN:98,(anonymous_6)
FN:110,(anonymous_7)
FN:119,(anonymous_8)
FN:120,(anonymous_9)
FN:136,(anonymous_10)
FN:153,(anonymous_11)
FN:170,(anonymous_12)
FN:172,(anonymous_13)
FN:209,(anonymous_14)
FN:226,(anonymous_15)
FN:247,(anonymous_16)
FN:301,(anonymous_17)
FN:302,(anonymous_18)
FN:307,(anonymous_19)
FN:329,(anonymous_20)
FN:337,(anonymous_21)
FN:338,(anonymous_22)
FN:343,(anonymous_23)
FN:345,(anonymous_24)
FN:370,(anonymous_25)
FN:410,(anonymous_26)
FNF:26
FNH:0
FNDA:0,(anonymous_1)
FNDA:0,(anonymous_2)
FNDA:0,(anonymous_3)
FNDA:0,(anonymous_4)
FNDA:0,(anonymous_5)
FNDA:0,(anonymous_6)
FNDA:0,(anonymous_7)
FNDA:0,(anonymous_8)
FNDA:0,(anonymous_9)
FNDA:0,(anonymous_10)
FNDA:0,(anonymous_11)
FNDA:0,(anonymous_12)
FNDA:0,(anonymous_13)
FNDA:0,(anonymous_14)
FNDA:0,(anonymous_15)
FNDA:0,(anonymous_16)
FNDA:0,(anonymous_17)
FNDA:0,(anonymous_18)
FNDA:0,(anonymous_19)
FNDA:0,(anonymous_20)
FNDA:0,(anonymous_21)
FNDA:0,(anonymous_22)
FNDA:0,(anonymous_23)
FNDA:0,(anonymous_24)
FNDA:0,(anonymous_25)
FNDA:0,(anonymous_26)
DA:1,1
DA:3,1
DA:4,1
DA:6,1
DA:9,1
DA:10,0
DA:12,0
DA:22,1
DA:23,0
DA:24,0
DA:27,1
DA:28,0
DA:29,0
DA:72,1
DA:85,0
DA:86,0
DA:88,0
DA:90,0
DA:92,0
DA:94,0
DA:98,0
DA:99,0
DA:101,0
DA:103,0
DA:105,0
DA:110,0
DA:119,0
DA:120,0
DA:122,0
DA:123,0
DA:130,0
DA:137,0
DA:138,0
DA:139,0
DA:140,0
DA:141,0
DA:143,0
DA:154,0
DA:155,0
DA:156,0
DA:157,0
DA:159,0
DA:171,0
DA:172,0
DA:173,0
DA:174,0
DA:175,0
DA:176,0
DA:177,0
DA:178,0
DA:179,0
DA:180,0
DA:181,0
DA:182,0
DA:183,0
DA:184,0
DA:185,0
DA:186,0
DA:187,0
DA:188,0
DA:189,0
DA:197,0
DA:198,0
DA:199,0
DA:201,0
DA:210,0
DA:211,0
DA:212,0
DA:213,0
DA:215,0
DA:227,0
DA:228,0
DA:229,0
DA:230,0
DA:246,0
DA:247,0
DA:248,0
DA:249,0
DA:250,0
DA:251,0
DA:252,0
DA:253,0
DA:254,0
DA:256,0
DA:301,0
DA:302,0
DA:304,0
DA:308,0
DA:309,0
DA:311,0
DA:329,0
DA:330,0
DA:332,0
DA:333,0
DA:336,0
DA:337,0
DA:338,0
DA:343,0
DA:345,0
DA:348,0
DA:370,0
DA:410,0
DA:436,1
DA:438,1
LF:104
LH:10
BRDA:10,0,0,0
BRDA:10,0,1,0
BRDA:24,1,0,0
BRDA:24,1,1,0
BRDA:79,2,0,0
BRDA:80,3,0,0
BRDA:86,4,0,0
BRDA:86,4,1,0
BRDA:86,4,2,0
BRDA:86,4,3,0
BRDA:99,5,0,0
BRDA:99,5,1,0
BRDA:99,5,2,0
BRDA:122,6,0,0
BRDA:122,6,1,0
BRDA:134,7,0,0
BRDA:134,7,1,0
BRDA:141,8,0,0
BRDA:141,8,1,0
BRDA:152,9,0,0
BRDA:152,9,1,0
BRDA:156,10,0,0
BRDA:156,10,1,0
BRDA:178,11,0,0
BRDA:178,11,1,0
BRDA:199,12,0,0
BRDA:199,12,1,0
BRDA:208,13,0,0
BRDA:208,13,1,0
BRDA:212,14,0,0
BRDA:212,14,1,0
BRDA:227,15,0,0
BRDA:227,15,1,0
BRDA:294,16,0,0
BRDA:294,16,1,0
BRDA:306,17,0,0
BRDA:306,17,1,0
BRDA:309,18,0,0
BRDA:309,18,1,0
BRDA:330,19,0,0
BRDA:330,19,1,0
BRDA:332,20,0,0
BRDA:332,20,1,0
BRDA:332,21,0,0
BRDA:332,21,1,0
BRDA:332,21,2,0
BRDA:337,22,0,0
BRDA:337,22,1,0
BRDA:339,23,0,0
BRDA:339,23,1,0
BRDA:343,24,0,0
BRDA:343,24,1,0
BRDA:343,24,2,0
BRDA:356,25,0,0
BRDA:356,25,1,0
BRDA:370,26,0,0
BRDA:370,26,1,0
BRDA:396,27,0,0
BRDA:396,27,1,0
BRDA:410,28,0,0
BRDA:410,28,1,0
BRF:61
BRH:0
end_of_record
TN:
SF:src\components\ActionTable.tsx
FN:32,(anonymous_9)
FN:44,(anonymous_10)
FN:72,(anonymous_11)
FN:84,(anonymous_12)
FN:85,(anonymous_13)
FN:88,(anonymous_14)
FN:94,(anonymous_15)
FN:95,(anonymous_16)
FN:101,(anonymous_17)
FN:106,(anonymous_18)
FN:120,(anonymous_19)
FN:129,(anonymous_20)
FN:147,(anonymous_21)
FN:160,(anonymous_22)
FN:173,(anonymous_23)
FN:186,(anonymous_24)
FN:199,(anonymous_25)
FN:212,(anonymous_26)
FN:228,(anonymous_27)
FNF:19
FNH:0
FNDA:0,(anonymous_9)
FNDA:0,(anonymous_10)
FNDA:0,(anonymous_11)
FNDA:0,(anonymous_12)
FNDA:0,(anonymous_13)
FNDA:0,(anonymous_14)
FNDA:0,(anonymous_15)
FNDA:0,(anonymous_16)
FNDA:0,(anonymous_17)
FNDA:0,(anonymous_18)
FNDA:0,(anonymous_19)
FNDA:0,(anonymous_20)
FNDA:0,(anonymous_21)
FNDA:0,(anonymous_22)
FNDA:0,(anonymous_23)
FNDA:0,(anonymous_24)
FNDA:0,(anonymous_25)
FNDA:0,(anonymous_26)
FNDA:0,(anonymous_27)
DA:1,1
DA:2,1
DA:3,1
DA:22,1
DA:32,1
DA:33,0
DA:35,0
DA:44,1
DA:45,0
DA:46,0
DA:72,1
DA:88,0
DA:89,0
DA:90,0
DA:93,0
DA:94,0
DA:95,0
DA:96,0
DA:98,0
DA:101,0
DA:102,0
DA:106,0
DA:107,0
DA:109,0
DA:111,0
DA:113,0
DA:115,0
DA:120,0
DA:121,0
DA:122,0
DA:123,0
DA:124,0
DA:125,0
DA:129,0
DA:130,0
DA:133,0
DA:147,0
DA:160,0
DA:173,0
DA:186,0
DA:199,0
DA:212,0
DA:229,0
DA:230,0
DA:369,1
DA:371,1
LF:46
LH:9
BRDA:33,0,0,0
BRDA:33,0,1,0
BRDA:46,1,0,0
BRDA:46,1,1,0
BRDA:75,2,0,0
BRDA:76,3,0,0
BRDA:77,4,0,0
BRDA:78,5,0,0
BRDA:79,6,0,0
BRDA:80,7,0,0
BRDA:81,8,0,0
BRDA:82,9,0,0
BRDA:83,10,0,0
BRDA:84,11,0,0
BRDA:85,12,0,0
BRDA:89,13,0,0
BRDA:89,13,1,0
BRDA:89,14,0,0
BRDA:89,14,1,0
BRDA:93,15,0,0
BRDA:93,15,1,0
BRDA:96,16,0,0
BRDA:96,16,1,0
BRDA:102,17,0,0
BRDA:102,17,1,0
BRDA:107,18,0,0
BRDA:107,18,1,0
BRDA:107,18,2,0
BRDA:107,18,3,0
BRDA:121,19,0,0
BRDA:121,19,1,0
BRDA:122,20,0,0
BRDA:122,20,1,0
BRDA:123,21,0,0
BRDA:123,21,1,0
BRDA:123,22,0,0
BRDA:123,22,1,0
BRDA:124,23,0,0
BRDA:124,23,1,0
BRDA:124,24,0,0
BRDA:124,24,1,0
BRDA:150,25,0,0
BRDA:150,25,1,0
BRDA:151,26,0,0
BRDA:151,26,1,0
BRDA:163,27,0,0
BRDA:163,27,1,0
BRDA:164,28,0,0
BRDA:164,28,1,0
BRDA:176,29,0,0
BRDA:176,29,1,0
BRDA:177,30,0,0
BRDA:177,30,1,0
BRDA:189,31,0,0
BRDA:189,31,1,0
BRDA:190,32,0,0
BRDA:190,32,1,0
BRDA:202,33,0,0
BRDA:202,33,1,0
BRDA:203,34,0,0
BRDA:203,34,1,0
BRDA:215,35,0,0
BRDA:215,35,1,0
BRDA:216,36,0,0
BRDA:216,36,1,0
BRDA:234,37,0,0
BRDA:234,37,1,0
BRDA:241,38,0,0
BRDA:241,38,1,0
BRDA:242,39,0,0
BRDA:242,39,1,0
BRDA:243,40,0,0
BRDA:243,40,1,0
BRDA:254,41,0,0
BRDA:254,41,1,0
BRDA:255,42,0,0
BRDA:255,42,1,0
BRDA:256,43,0,0
BRDA:256,43,1,0
BRDA:260,44,0,0
BRDA:260,44,1,0
BRDA:266,45,0,0
BRDA:266,45,1,0
BRDA:279,46,0,0
BRDA:279,46,1,0
BRDA:294,47,0,0
BRDA:294,47,1,0
BRDA:307,48,0,0
BRDA:307,48,1,0
BRDA:308,49,0,0
BRDA:308,49,1,0
BRDA:309,50,0,0
BRDA:309,50,1,0
BRDA:342,51,0,0
BRDA:342,51,1,0
BRDA:349,52,0,0
BRDA:349,52,1,0
BRDA:349,53,0,0
BRDA:349,53,1,0
BRDA:354,54,0,0
BRDA:354,54,1,0
BRDA:354,54,2,0
BRF:102
BRH:0
end_of_record
TN:
SF:src\components\ActionsResponsiveLayout.tsx
FN:24,(anonymous_1)
FN:136,(anonymous_2)
FN:164,(anonymous_3)
FNF:3
FNH:0
FNDA:0,(anonymous_1)
FNDA:0,(anonymous_2)
FNDA:0,(anonymous_3)
DA:2,0
DA:3,0
DA:4,0
DA:5,0
DA:24,0
DA:34,0
DA:35,0
DA:37,0
DA:39,0
DA:81,0
DA:83,0
DA:122,0
DA:136,0
DA:164,0
DA:186,0
LF:15
LH:0
BRDA:37,0,0,0
BRDA:37,0,1,0
BRDA:81,1,0,0
BRDA:81,1,1,0
BRDA:131,2,0,0
BRDA:131,2,1,0
BRDA:160,3,0,0
BRDA:160,3,1,0
BRF:8
BRH:0
end_of_record
TN:
SF:src\components\AlertBanner.tsx
FN:46,(anonymous_0)
FNF:1
FNH:0
FNDA:0,(anonymous_0)
DA:2,0
DA:15,0
DA:46,0
DA:54,0
DA:56,0
DA:82,0
LF:6
LH:0
BRDA:57,0,0,0
BRDA:57,0,1,0
BRDA:62,1,0,0
BRDA:62,1,1,0
BRDA:63,2,0,0
BRDA:63,2,1,0
BRDA:65,3,0,0
BRDA:65,3,1,0
BRDA:68,4,0,0
BRDA:68,4,1,0
BRF:10
BRH:0
end_of_record
TN:
SF:src\components\AlertsDashboard.tsx
FN:15,(anonymous_1)
FN:82,(anonymous_2)
FN:113,(anonymous_3)
FNF:3
FNH:0
FNDA:0,(anonymous_1)
FNDA:0,(anonymous_2)
FNDA:0,(anonymous_3)
DA:2,0
DA:3,0
DA:4,0
DA:7,0
DA:15,0
DA:20,0
DA:22,0
DA:23,0
DA:42,0
DA:83,0
DA:114,0
DA:142,0
LF:12
LH:0
BRDA:18,0,0,0
BRDA:22,1,0,0
BRDA:22,1,1,0
BRDA:49,2,0,0
BRDA:49,2,1,0
BRDA:55,3,0,0
BRDA:55,3,1,0
BRDA:66,4,0,0
BRDA:66,4,1,0
BRDA:79,5,0,0
BRDA:79,5,1,0
BRDA:79,6,0,0
BRDA:79,6,1,0
BRDA:87,7,0,0
BRDA:87,7,1,0
BRDA:97,8,0,0
BRDA:97,8,1,0
BRDA:110,9,0,0
BRDA:110,9,1,0
BRDA:110,10,0,0
BRDA:110,10,1,0
BRDA:118,11,0,0
BRDA:118,11,1,0
BRDA:130,12,0,0
BRDA:130,12,1,0
BRDA:134,13,0,0
BRDA:134,13,1,0
BRDA:134,14,0,0
BRDA:134,14,1,0
BRDA:134,15,0,0
BRDA:134,15,1,0
BRF:31
BRH:0
end_of_record
TN:
SF:src\components\AreaForm.tsx
FN:13,(anonymous_0)
FN:26,(anonymous_1)
FN:39,(anonymous_2)
FN:62,(anonymous_3)
FN:95,(anonymous_4)
FN:96,(anonymous_5)
FN:100,(anonymous_6)
FN:132,(anonymous_7)
FN:157,(anonymous_8)
FN:173,(anonymous_9)
FN:202,(anonymous_10)
FN:224,(anonymous_11)
FNF:12
FNH:0
FNDA:0,(anonymous_0)
FNDA:0,(anonymous_1)
FNDA:0,(anonymous_2)
FNDA:0,(anonymous_3)
FNDA:0,(anonymous_4)
FNDA:0,(anonymous_5)
FNDA:0,(anonymous_6)
FNDA:0,(anonymous_7)
FNDA:0,(anonymous_8)
FNDA:0,(anonymous_9)
FNDA:0,(anonymous_10)
FNDA:0,(anonymous_11)
DA:1,0
DA:2,0
DA:3,0
DA:5,0
DA:13,0
DA:14,0
DA:15,0
DA:23,0
DA:24,0
DA:26,0
DA:27,0
DA:28,0
DA:39,0
DA:40,0
DA:42,0
DA:43,0
DA:44,0
DA:45,0
DA:46,0
DA:47,0
DA:50,0
DA:51,0
DA:54,0
DA:55,0
DA:58,0
DA:59,0
DA:62,0
DA:63,0
DA:65,0
DA:66,0
DA:67,0
DA:70,0
DA:72,0
DA:75,0
DA:77,0
DA:78,0
DA:81,0
DA:82,0
DA:85,0
DA:86,0
DA:88,0
DA:89,0
DA:91,0
DA:95,0
DA:96,0
DA:99,0
DA:100,0
DA:104,0
DA:132,0
DA:157,0
DA:173,0
DA:202,0
DA:224,0
DA:269,0
LF:54
LH:0
BRDA:27,0,0,0
BRDA:27,0,1,0
BRDA:30,1,0,0
BRDA:30,1,1,0
BRDA:32,2,0,0
BRDA:32,2,1,0
BRDA:33,3,0,0
BRDA:33,3,1,0
BRDA:42,4,0,0
BRDA:42,4,1,0
BRDA:44,5,0,0
BRDA:44,5,1,0
BRDA:46,6,0,0
BRDA:46,6,1,0
BRDA:50,7,0,0
BRDA:50,7,1,0
BRDA:50,8,0,0
BRDA:50,8,1,0
BRDA:54,9,0,0
BRDA:54,9,1,0
BRDA:54,10,0,0
BRDA:54,10,1,0
BRDA:65,11,0,0
BRDA:65,11,1,0
BRDA:75,12,0,0
BRDA:75,12,1,0
BRDA:99,13,0,0
BRDA:99,13,1,0
BRDA:110,14,0,0
BRDA:110,14,1,0
BRDA:134,15,0,0
BRDA:134,15,1,0
BRDA:140,16,0,0
BRDA:140,16,1,0
BRDA:156,17,0,0
BRDA:156,17,1,0
BRDA:176,18,0,0
BRDA:176,18,1,0
BRDA:182,19,0,0
BRDA:182,19,1,0
BRDA:204,20,0,0
BRDA:204,20,1,0
BRDA:210,21,0,0
BRDA:210,21,1,0
BRDA:248,22,0,0
BRDA:248,22,1,0
BRDA:250,23,0,0
BRDA:250,23,1,0
BRDA:258,24,0,0
BRDA:258,24,1,0
BRF:50
BRH:0
end_of_record
TN:
SF:src\components\CategoriaForm.tsx
FN:13,(anonymous_0)
FN:24,(anonymous_1)
FN:35,(anonymous_2)
FN:58,(anonymous_3)
FN:91,(anonymous_4)
FN:92,(anonymous_5)
FN:96,(anonymous_6)
FN:101,(anonymous_7)
FN:130,(anonymous_8)
FN:137,(anonymous_9)
FN:160,(anonymous_10)
FN:184,(anonymous_11)
FN:210,(anonymous_12)
FNF:13
FNH:0
FNDA:0,(anonymous_0)
FNDA:0,(anonymous_1)
FNDA:0,(anonymous_2)
FNDA:0,(anonymous_3)
FNDA:0,(anonymous_4)
FNDA:0,(anonymous_5)
FNDA:0,(anonymous_6)
FNDA:0,(anonymous_7)
FNDA:0,(anonymous_8)
FNDA:0,(anonymous_9)
FNDA:0,(anonymous_10)
FNDA:0,(anonymous_11)
FNDA:0,(anonymous_12)
DA:1,0
DA:2,0
DA:3,0
DA:5,0
DA:13,0
DA:14,0
DA:15,0
DA:21,0
DA:22,0
DA:24,0
DA:25,0
DA:26,0
DA:35,0
DA:36,0
DA:38,0
DA:39,0
DA:42,0
DA:43,0
DA:44,0
DA:45,0
DA:46,0
DA:47,0
DA:50,0
DA:51,0
DA:54,0
DA:55,0
DA:58,0
DA:59,0
DA:61,0
DA:62,0
DA:63,0
DA:66,0
DA:68,0
DA:71,0
DA:73,0
DA:74,0
DA:77,0
DA:78,0
DA:81,0
DA:82,0
DA:84,0
DA:85,0
DA:87,0
DA:91,0
DA:92,0
DA:95,0
DA:96,0
DA:101,0
DA:103,0
DA:130,0
DA:138,0
DA:160,0
DA:184,0
DA:210,0
DA:255,0
LF:55
LH:0
BRDA:25,0,0,0
BRDA:25,0,1,0
BRDA:29,1,0,0
BRDA:29,1,1,0
BRDA:38,2,0,0
BRDA:38,2,1,0
BRDA:42,3,0,0
BRDA:42,3,1,0
BRDA:44,4,0,0
BRDA:44,4,1,0
BRDA:46,5,0,0
BRDA:46,5,1,0
BRDA:50,6,0,0
BRDA:50,6,1,0
BRDA:50,7,0,0
BRDA:50,7,1,0
BRDA:61,8,0,0
BRDA:61,8,1,0
BRDA:71,9,0,0
BRDA:71,9,1,0
BRDA:95,10,0,0
BRDA:95,10,1,0
BRDA:109,11,0,0
BRDA:109,11,1,0
BRDA:132,12,0,0
BRDA:132,12,1,0
BRDA:143,13,0,0
BRDA:143,13,1,0
BRDA:162,14,0,0
BRDA:162,14,1,0
BRDA:168,15,0,0
BRDA:168,15,1,0
BRDA:187,16,0,0
BRDA:187,16,1,0
BRDA:193,17,0,0
BRDA:193,17,1,0
BRDA:234,18,0,0
BRDA:234,18,1,0
BRDA:236,19,0,0
BRDA:236,19,1,0
BRDA:244,20,0,0
BRDA:244,20,1,0
BRF:42
BRH:0
end_of_record
TN:
SF:src\components\ConfirmDialog.tsx
FN:16,(anonymous_0)
FN:29,(anonymous_1)
FNF:2
FNH:0
FNDA:0,(anonymous_0)
FNDA:0,(anonymous_1)
DA:2,0
DA:16,0
DA:27,0
DA:29,0
DA:30,0
DA:32,0
DA:38,0
DA:44,0
DA:50,0
DA:58,0
DA:60,0
DA:120,0
LF:12
LH:0
BRDA:20,0,0,0
BRDA:21,1,0,0
BRDA:24,2,0,0
BRDA:25,3,0,0
BRDA:27,4,0,0
BRDA:27,4,1,0
BRDA:30,5,0,0
BRDA:30,5,1,0
BRDA:30,5,2,0
BRDA:30,5,3,0
BRDA:105,6,0,0
BRDA:105,6,1,0
BRF:12
BRH:0
end_of_record
TN:
SF:src\components\CustomTooltip.tsx
FN:12,(anonymous_0)
FN:23,(anonymous_1)
FN:30,(anonymous_2)
FN:33,(anonymous_3)
FN:55,(anonymous_4)
FNF:5
FNH:0
FNDA:0,(anonymous_0)
FNDA:0,(anonymous_1)
FNDA:0,(anonymous_2)
FNDA:0,(anonymous_3)
FNDA:0,(anonymous_4)
DA:1,0
DA:2,0
DA:12,0
DA:18,0
DA:19,0
DA:20,0
DA:23,0
DA:24,0
DA:25,0
DA:26,0
DA:30,0
DA:31,0
DA:33,0
DA:34,0
DA:35,0
DA:36,0
DA:40,0
DA:42,0
DA:43,0
DA:44,0
DA:45,0
DA:46,0
DA:47,0
DA:49,0
DA:51,0
DA:54,0
DA:55,0
DA:58,0
DA:59,0
DA:63,0
DA:75,0
DA:78,0
LF:32
LH:0
BRDA:24,0,0,0
BRDA:24,0,1,0
BRDA:24,0,2,0
BRDA:26,1,0,0
BRDA:26,1,1,0
BRDA:31,2,0,0
BRDA:31,2,1,0
BRDA:36,3,0,0
BRDA:36,3,1,0
BRDA:40,4,0,0
BRDA:40,4,1,0
BRDA:40,5,0,0
BRDA:40,5,1,0
BRDA:43,6,0,0
BRDA:43,6,1,0
BRDA:58,7,0,0
BRDA:58,7,1,0
BRDA:58,8,0,0
BRDA:58,8,1,0
BRDA:58,8,2,0
BRDA:58,8,3,0
BRDA:58,8,4,0
BRF:22
BRH:0
end_of_record
TN:
SF:src\components\DetalhamentoTable.tsx
FN:9,(anonymous_0)
FN:15,(anonymous_1)
FN:20,(anonymous_2)
FN:21,(anonymous_3)
FN:25,(anonymous_4)
FN:28,(anonymous_5)
FN:30,(anonymous_6)
FN:33,(anonymous_7)
FN:39,(anonymous_8)
FN:64,(anonymous_9)
FN:114,(anonymous_10)
FN:131,(anonymous_11)
FN:140,(anonymous_12)
FN:149,(anonymous_13)
FN:158,(anonymous_14)
FN:198,(anonymous_15)
FNF:16
FNH:0
FNDA:0,(anonymous_0)
FNDA:0,(anonymous_1)
FNDA:0,(anonymous_2)
FNDA:0,(anonymous_3)
FNDA:0,(anonymous_4)
FNDA:0,(anonymous_5)
FNDA:0,(anonymous_6)
FNDA:0,(anonymous_7)
FNDA:0,(anonymous_8)
FNDA:0,(anonymous_9)
FNDA:0,(anonymous_10)
FNDA:0,(anonymous_11)
FNDA:0,(anonymous_12)
FNDA:0,(anonymous_13)
FNDA:0,(anonymous_14)
FNDA:0,(anonymous_15)
DA:1,0
DA:2,0
DA:3,0
DA:9,0
DA:10,0
DA:11,0
DA:12,0
DA:15,0
DA:16,0
DA:20,0
DA:21,0
DA:22,0
DA:25,0
DA:28,0
DA:29,0
DA:30,0
DA:33,0
DA:34,0
DA:39,0
DA:40,0
DA:54,0
DA:55,0
DA:56,0
DA:57,0
DA:58,0
DA:61,0
DA:64,0
DA:65,0
DA:66,0
DA:68,0
DA:76,0
DA:77,0
DA:96,0
DA:114,0
DA:131,0
DA:140,0
DA:149,0
DA:158,0
DA:199,0
DA:261,0
LF:40
LH:0
BRDA:9,0,0,0
BRDA:30,1,0,0
BRDA:30,1,1,0
BRDA:65,2,0,0
BRDA:65,2,1,0
BRDA:68,3,0,0
BRDA:68,3,1,0
BRDA:76,4,0,0
BRDA:76,4,1,0
BRDA:104,5,0,0
BRDA:104,5,1,0
BRDA:174,6,0,0
BRDA:174,6,1,0
BRDA:183,7,0,0
BRDA:183,7,1,0
BRDA:189,8,0,0
BRDA:189,8,1,0
BRDA:199,9,0,0
BRDA:199,9,1,0
BRDA:215,10,0,0
BRDA:215,10,1,0
BRDA:232,11,0,0
BRDA:232,11,1,0
BRDA:243,12,0,0
BRDA:243,12,1,0
BRDA:243,12,2,0
BRDA:247,13,0,0
BRDA:247,13,1,0
BRDA:250,14,0,0
BRDA:250,14,1,0
BRF:30
BRH:0
end_of_record
TN:
SF:src\components\DonutChart.tsx
FN:14,(anonymous_0)
FN:20,(anonymous_1)
FN:29,(anonymous_2)
FN:84,(anonymous_3)
FN:103,(anonymous_4)
FN:133,(anonymous_5)
FN:135,(anonymous_6)
FN:163,(anonymous_7)
FNF:8
FNH:8
FNDA:16,(anonymous_0)
FNDA:44,(anonymous_1)
FNDA:42,(anonymous_2)
FNDA:42,(anonymous_3)
FNDA:1,(anonymous_4)
FNDA:42,(anonymous_5)
FNDA:40,(anonymous_6)
FNDA:44,(anonymous_7)
DA:14,1
DA:20,44
DA:21,16
DA:22,16
DA:23,16
DA:24,16
DA:27,16
DA:29,16
DA:30,42
DA:31,42
DA:32,42
DA:34,42
DA:35,42
DA:36,42
DA:37,42
DA:38,42
DA:39,42
DA:40,42
DA:41,42
DA:43,42
DA:53,16
DA:55,16
DA:85,42
DA:86,42
DA:87,42
DA:88,42
DA:89,42
DA:91,42
DA:92,42
DA:94,42
DA:103,1
DA:134,42
DA:135,42
DA:136,42
DA:137,42
DA:139,42
DA:140,42
DA:141,42
DA:143,42
DA:164,44
DA:165,44
DA:189,1
LF:42
LH:42
BRDA:32,0,0,3
BRDA:32,0,1,39
BRDA:61,1,0,1
BRDA:61,1,1,15
BRDA:91,2,0,42
BRDA:91,2,1,39
BRDA:92,3,0,38
BRDA:92,3,1,4
BRDA:133,4,0,16
BRDA:133,4,1,15
BRDA:164,5,0,42
BRDA:164,5,1,2
BRF:12
BRH:12
end_of_record
TN:
SF:src\components\DonutChartFixed.tsx
FN:14,(anonymous_0)
FN:20,(anonymous_1)
FN:27,(anonymous_2)
FN:39,(anonymous_3)
FN:137,(anonymous_4)
FN:162,(anonymous_5)
FN:192,(anonymous_6)
FN:199,(anonymous_7)
FN:200,(anonymous_8)
FN:201,(anonymous_9)
FN:229,(anonymous_10)
FNF:11
FNH:0
FNDA:0,(anonymous_0)
FNDA:0,(anonymous_1)
FNDA:0,(anonymous_2)
FNDA:0,(anonymous_3)
FNDA:0,(anonymous_4)
FNDA:0,(anonymous_5)
FNDA:0,(anonymous_6)
FNDA:0,(anonymous_7)
FNDA:0,(anonymous_8)
FNDA:0,(anonymous_9)
FNDA:0,(anonymous_10)
DA:14,0
DA:20,0
DA:21,0
DA:22,0
DA:23,0
DA:24,0
DA:27,0
DA:31,0
DA:34,0
DA:37,0
DA:39,0
DA:40,0
DA:41,0
DA:42,0
DA:44,0
DA:45,0
DA:46,0
DA:47,0
DA:48,0
DA:49,0
DA:50,0
DA:51,0
DA:53,0
DA:63,0
DA:65,0
DA:139,0
DA:140,0
DA:143,0
DA:144,0
DA:145,0
DA:146,0
DA:147,0
DA:150,0
DA:151,0
DA:153,0
DA:162,0
DA:194,0
DA:196,0
DA:199,0
DA:200,0
DA:201,0
DA:202,0
DA:203,0
DA:205,0
DA:206,0
DA:207,0
DA:209,0
DA:230,0
DA:231,0
DA:233,0
DA:259,0
LF:51
LH:0
BRDA:31,0,0,0
BRDA:31,0,1,0
BRDA:34,1,0,0
BRDA:34,1,1,0
BRDA:42,2,0,0
BRDA:42,2,1,0
BRDA:71,3,0,0
BRDA:71,3,1,0
BRDA:92,4,0,0
BRDA:92,4,1,0
BRDA:139,5,0,0
BRDA:139,5,1,0
BRDA:150,6,0,0
BRDA:150,6,1,0
BRDA:151,7,0,0
BRDA:151,7,1,0
BRDA:192,8,0,0
BRDA:192,8,1,0
BRDA:194,9,0,0
BRDA:194,9,1,0
BRDA:230,10,0,0
BRDA:230,10,1,0
BRDA:231,11,0,0
BRDA:231,11,1,0
BRDA:237,12,0,0
BRDA:237,12,1,0
BRF:26
BRH:0
end_of_record
TN:
SF:src\components\DynamicTooltip.tsx
FN:11,(anonymous_0)
FN:23,(anonymous_1)
FNF:2
FNH:0
FNDA:0,(anonymous_0)
FNDA:0,(anonymous_1)
DA:1,0
DA:11,0
DA:18,0
DA:19,0
DA:20,0
DA:23,0
DA:24,0
DA:26,0
DA:28,0
DA:30,0
DA:31,0
DA:33,0
DA:34,0
DA:36,0
DA:39,0
DA:47,0
DA:48,0
DA:51,0
DA:66,0
LF:19
LH:0
BRDA:16,0,0,0
BRDA:26,1,0,0
BRDA:26,1,1,0
BRDA:26,2,0,0
BRDA:26,2,1,0
BRDA:30,3,0,0
BRDA:30,3,1,0
BRDA:47,4,0,0
BRDA:47,4,1,0
BRDA:47,5,0,0
BRDA:47,5,1,0
BRDA:47,5,2,0
BRDA:47,5,3,0
BRF:13
BRH:0
end_of_record
TN:
SF:src\components\Empty.tsx
FN:4,Empty
FNF:1
FNH:0
FNDA:0,Empty
DA:1,0
DA:4,0
DA:5,0
LF:3
LH:0
BRF:0
BRH:0
end_of_record
TN:
SF:src\components\FilterModal.tsx
FN:25,(anonymous_0)
FN:39,(anonymous_1)
FN:46,(anonymous_2)
FN:83,(anonymous_3)
FN:103,(anonymous_4)
FN:113,(anonymous_5)
FN:126,(anonymous_6)
FN:139,(anonymous_7)
FN:152,(anonymous_8)
FN:164,(anonymous_9)
FN:169,(anonymous_10)
FN:176,(anonymous_11)
FN:177,(anonymous_12)
FN:188,(anonymous_13)
FN:196,(anonymous_14)
FN:228,(anonymous_15)
FN:232,(anonymous_16)
FN:247,(anonymous_17)
FN:251,(anonymous_18)
FN:266,(anonymous_19)
FN:270,(anonymous_20)
FN:285,(anonymous_21)
FN:289,(anonymous_22)
FN:304,(anonymous_23)
FNF:24
FNH:0
FNDA:0,(anonymous_0)
FNDA:0,(anonymous_1)
FNDA:0,(anonymous_2)
FNDA:0,(anonymous_3)
FNDA:0,(anonymous_4)
FNDA:0,(anonymous_5)
FNDA:0,(anonymous_6)
FNDA:0,(anonymous_7)
FNDA:0,(anonymous_8)
FNDA:0,(anonymous_9)
FNDA:0,(anonymous_10)
FNDA:0,(anonymous_11)
FNDA:0,(anonymous_12)
FNDA:0,(anonymous_13)
FNDA:0,(anonymous_14)
FNDA:0,(anonymous_15)
FNDA:0,(anonymous_16)
FNDA:0,(anonymous_17)
FNDA:0,(anonymous_18)
FNDA:0,(anonymous_19)
FNDA:0,(anonymous_20)
FNDA:0,(anonymous_21)
FNDA:0,(anonymous_22)
FNDA:0,(anonymous_23)
DA:1,0
DA:2,0
DA:3,0
DA:25,0
DA:31,0
DA:32,0
DA:33,0
DA:34,0
DA:35,0
DA:36,0
DA:39,0
DA:40,0
DA:41,0
DA:46,0
DA:47,0
DA:49,0
DA:52,0
DA:59,0
DA:64,0
DA:65,0
DA:71,0
DA:72,0
DA:73,0
DA:74,0
DA:75,0
DA:78,0
DA:79,0
DA:80,0
DA:83,0
DA:85,0
DA:86,0
DA:87,0
DA:88,0
DA:89,0
DA:92,0
DA:93,0
DA:94,0
DA:98,0
DA:103,0
DA:104,0
DA:105,0
DA:107,0
DA:112,0
DA:113,0
DA:120,0
DA:125,0
DA:126,0
DA:133,0
DA:138,0
DA:139,0
DA:146,0
DA:151,0
DA:152,0
DA:158,0
DA:160,0
DA:164,0
DA:165,0
DA:166,0
DA:169,0
DA:170,0
DA:171,0
DA:172,0
DA:173,0
DA:176,0
DA:177,0
DA:183,0
DA:185,0
DA:189,0
DA:190,0
DA:196,0
DA:228,0
DA:233,0
DA:247,0
DA:252,0
DA:266,0
DA:271,0
DA:285,0
DA:290,0
DA:305,0
DA:306,0
DA:307,0
DA:309,0
DA:343,0
LF:83
LH:0
BRDA:40,0,0,0
BRDA:40,0,1,0
BRDA:47,1,0,0
BRDA:47,1,1,0
BRDA:65,2,0,0
BRDA:65,2,1,0
BRDA:78,3,0,0
BRDA:78,3,1,0
BRDA:92,4,0,0
BRDA:92,4,1,0
BRDA:92,5,0,0
BRDA:92,5,1,0
BRDA:112,6,0,0
BRDA:112,6,1,0
BRDA:125,7,0,0
BRDA:125,7,1,0
BRDA:138,8,0,0
BRDA:138,8,1,0
BRDA:151,9,0,0
BRDA:151,9,1,0
BRDA:179,10,0,0
BRDA:179,10,1,0
BRDA:183,11,0,0
BRDA:183,11,1,0
BRDA:189,12,0,0
BRDA:189,12,1,0
BRDA:214,13,0,0
BRDA:214,13,1,0
BRDA:227,14,0,0
BRDA:227,14,1,0
BRDA:246,15,0,0
BRDA:246,15,1,0
BRDA:265,16,0,0
BRDA:265,16,1,0
BRDA:284,17,0,0
BRDA:284,17,1,0
BRDA:303,18,0,0
BRDA:303,18,1,0
BRDA:306,19,0,0
BRDA:306,19,1,0
BRF:40
BRH:0
end_of_record
TN:
SF:src\components\FixedLayout.tsx
FN:10,(anonymous_1)
FNF:1
FNH:0
FNDA:0,(anonymous_1)
DA:1,0
DA:2,0
DA:3,0
DA:4,0
DA:10,0
DA:11,0
DA:14,0
DA:16,0
DA:17,0
DA:20,0
DA:40,0
LF:11
LH:0
BRDA:14,0,0,0
BRDA:14,0,1,0
BRDA:16,1,0,0
BRDA:16,1,1,0
BRF:4
BRH:0
end_of_record
TN:
SF:src\components\Header.tsx
FN:6,(anonymous_0)
FN:10,(anonymous_1)
FN:45,(anonymous_2)
FN:56,(anonymous_3)
FN:67,(anonymous_4)
FNF:5
FNH:0
FNDA:0,(anonymous_0)
FNDA:0,(anonymous_1)
FNDA:0,(anonymous_2)
FNDA:0,(anonymous_3)
FNDA:0,(anonymous_4)
DA:1,0
DA:2,0
DA:3,0
DA:4,0
DA:6,0
DA:7,0
DA:8,0
DA:10,0
DA:11,0
DA:15,0
DA:45,0
DA:56,0
DA:67,0
DA:101,0
LF:14
LH:0
BRDA:36,0,0,0
BRDA:36,0,1,0
BRDA:39,1,0,0
BRDA:39,1,1,0
BRDA:39,1,2,0
BRDA:39,1,3,0
BRDA:41,2,0,0
BRDA:41,2,1,0
BRDA:52,3,0,0
BRDA:52,3,1,0
BRDA:63,4,0,0
BRDA:63,4,1,0
BRDA:82,5,0,0
BRDA:82,5,1,0
BRF:14
BRH:0
end_of_record
TN:
SF:src\components\HierarchicalTreeChart.tsx
FN:72,(anonymous_1)
FN:113,(anonymous_2)
FN:121,(anonymous_3)
FN:127,(anonymous_4)
FN:133,(anonymous_5)
FN:135,(anonymous_6)
FN:143,(anonymous_7)
FN:207,(anonymous_8)
FN:366,(anonymous_9)
FN:407,(anonymous_10)
FN:408,(anonymous_11)
FN:416,(anonymous_12)
FN:441,(anonymous_13)
FN:454,(anonymous_14)
FN:465,(anonymous_15)
FN:476,(anonymous_16)
FN:484,(anonymous_17)
FN:515,(anonymous_18)
FN:529,(anonymous_19)
FN:537,(anonymous_20)
FN:538,(anonymous_21)
FN:553,(anonymous_22)
FN:586,(anonymous_23)
FN:593,(anonymous_24)
FN:601,(anonymous_25)
FN:623,(anonymous_26)
FN:627,(anonymous_27)
FN:635,(anonymous_28)
FN:641,(anonymous_29)
FN:660,(anonymous_30)
FN:661,(anonymous_31)
FN:670,(anonymous_32)
FN:673,(anonymous_33)
FN:674,(anonymous_34)
FN:691,(anonymous_35)
FN:692,(anonymous_36)
FN:720,(anonymous_37)
FN:753,(anonymous_38)
FN:754,(anonymous_39)
FN:764,(anonymous_40)
FN:770,(anonymous_41)
FN:771,(anonymous_42)
FN:859,(anonymous_43)
FN:861,(anonymous_44)
FN:874,(anonymous_45)
FN:876,(anonymous_46)
FN:889,(anonymous_47)
FN:892,(anonymous_48)
FN:914,(anonymous_49)
FNF:49
FNH:0
FNDA:0,(anonymous_1)
FNDA:0,(anonymous_2)
FNDA:0,(anonymous_3)
FNDA:0,(anonymous_4)
FNDA:0,(anonymous_5)
FNDA:0,(anonymous_6)
FNDA:0,(anonymous_7)
FNDA:0,(anonymous_8)
FNDA:0,(anonymous_9)
FNDA:0,(anonymous_10)
FNDA:0,(anonymous_11)
FNDA:0,(anonymous_12)
FNDA:0,(anonymous_13)
FNDA:0,(anonymous_14)
FNDA:0,(anonymous_15)
FNDA:0,(anonymous_16)
FNDA:0,(anonymous_17)
FNDA:0,(anonymous_18)
FNDA:0,(anonymous_19)
FNDA:0,(anonymous_20)
FNDA:0,(anonymous_21)
FNDA:0,(anonymous_22)
FNDA:0,(anonymous_23)
FNDA:0,(anonymous_24)
FNDA:0,(anonymous_25)
FNDA:0,(anonymous_26)
FNDA:0,(anonymous_27)
FNDA:0,(anonymous_28)
FNDA:0,(anonymous_29)
FNDA:0,(anonymous_30)
FNDA:0,(anonymous_31)
FNDA:0,(anonymous_32)
FNDA:0,(anonymous_33)
FNDA:0,(anonymous_34)
FNDA:0,(anonymous_35)
FNDA:0,(anonymous_36)
FNDA:0,(anonymous_37)
FNDA:0,(anonymous_38)
FNDA:0,(anonymous_39)
FNDA:0,(anonymous_40)
FNDA:0,(anonymous_41)
FNDA:0,(anonymous_42)
FNDA:0,(anonymous_43)
FNDA:0,(anonymous_44)
FNDA:0,(anonymous_45)
FNDA:0,(anonymous_46)
FNDA:0,(anonymous_47)
FNDA:0,(anonymous_48)
FNDA:0,(anonymous_49)
DA:1,0
DA:2,0
DA:13,0
DA:27,0
DA:30,0
DA:53,0
DA:62,0
DA:72,0
DA:88,0
DA:89,0
DA:92,0
DA:93,0
DA:96,0
DA:113,0
DA:121,0
DA:127,0
DA:133,0
DA:134,0
DA:135,0
DA:143,0
DA:144,0
DA:145,0
DA:148,0
DA:149,0
DA:157,0
DA:158,0
DA:159,0
DA:160,0
DA:163,0
DA:164,0
DA:165,0
DA:166,0
DA:167,0
DA:170,0
DA:172,0
DA:173,0
DA:175,0
DA:208,0
DA:209,0
DA:219,0
DA:220,0
DA:221,0
DA:227,0
DA:228,0
DA:229,0
DA:232,0
DA:233,0
DA:234,0
DA:237,0
DA:240,0
DA:367,0
DA:368,0
DA:407,0
DA:408,0
DA:414,0
DA:415,0
DA:416,0
DA:417,0
DA:418,0
DA:419,0
DA:421,0
DA:425,0
DA:426,0
DA:429,0
DA:436,0
DA:437,0
DA:441,0
DA:442,0
DA:449,0
DA:450,0
DA:451,0
DA:454,0
DA:455,0
DA:458,0
DA:465,0
DA:469,0
DA:470,0
DA:471,0
DA:475,0
DA:476,0
DA:484,0
DA:485,0
DA:486,0
DA:488,0
DA:490,0
DA:491,0
DA:492,0
DA:493,0
DA:494,0
DA:497,0
DA:498,0
DA:500,0
DA:504,0
DA:505,0
DA:507,0
DA:511,0
DA:512,0
DA:515,0
DA:524,0
DA:525,0
DA:529,0
DA:531,0
DA:532,0
DA:533,0
DA:537,0
DA:538,0
DA:547,0
DA:548,0
DA:553,0
DA:554,0
DA:556,0
DA:557,0
DA:559,0
DA:561,0
DA:562,0
DA:563,0
DA:564,0
DA:565,0
DA:568,0
DA:569,0
DA:571,0
DA:575,0
DA:576,0
DA:578,0
DA:582,0
DA:583,0
DA:586,0
DA:593,0
DA:594,0
DA:596,0
DA:598,0
DA:599,0
DA:601,0
DA:602,0
DA:611,0
DA:612,0
DA:615,0
DA:623,0
DA:624,0
DA:626,0
DA:627,0
DA:635,0
DA:636,0
DA:638,0
DA:639,0
DA:641,0
DA:642,0
DA:648,0
DA:649,0
DA:652,0
DA:660,0
DA:661,0
DA:670,0
DA:671,0
DA:673,0
DA:674,0
DA:675,0
DA:683,0
DA:684,0
DA:687,0
DA:691,0
DA:692,0
DA:693,0
DA:698,0
DA:699,0
DA:702,0
DA:709,0
DA:712,0
DA:713,0
DA:716,0
DA:717,0
DA:720,0
DA:721,0
DA:722,0
DA:724,0
DA:725,0
DA:728,0
DA:734,0
DA:736,0
DA:737,0
DA:739,0
DA:740,0
DA:742,0
DA:743,0
DA:745,0
DA:746,0
DA:748,0
DA:753,0
DA:754,0
DA:755,0
DA:756,0
DA:757,0
DA:761,0
DA:762,0
DA:764,0
DA:765,0
DA:770,0
DA:771,0
DA:772,0
DA:773,0
DA:775,0
DA:776,0
DA:783,0
DA:860,0
DA:861,0
DA:865,0
DA:875,0
DA:876,0
DA:880,0
DA:890,0
DA:891,0
DA:892,0
DA:897,0
DA:915,0
DA:931,0
LF:215
LH:0
BRDA:74,0,0,0
BRDA:79,1,0,0
BRDA:80,2,0,0
BRDA:85,3,0,0
BRDA:86,4,0,0
BRDA:98,5,0,0
BRDA:98,5,1,0
BRDA:98,5,2,0
BRDA:99,6,0,0
BRDA:99,6,1,0
BRDA:99,6,2,0
BRDA:103,7,0,0
BRDA:103,7,1,0
BRDA:134,8,0,0
BRDA:134,8,1,0
BRDA:144,9,0,0
BRDA:144,9,1,0
BRDA:157,10,0,0
BRDA:157,10,1,0
BRDA:158,11,0,0
BRDA:158,11,1,0
BRDA:158,12,0,0
BRDA:158,12,1,0
BRDA:159,13,0,0
BRDA:159,13,1,0
BRDA:159,14,0,0
BRDA:159,14,1,0
BRDA:160,15,0,0
BRDA:160,15,1,0
BRDA:160,16,0,0
BRDA:160,16,1,0
BRDA:167,17,0,0
BRDA:167,17,1,0
BRDA:170,18,0,0
BRDA:170,18,1,0
BRDA:177,19,0,0
BRDA:177,19,1,0
BRDA:195,20,0,0
BRDA:195,20,1,0
BRDA:197,21,0,0
BRDA:197,21,1,0
BRDA:199,22,0,0
BRDA:199,22,1,0
BRDA:209,23,0,0
BRDA:209,23,1,0
BRDA:222,24,0,0
BRDA:222,24,1,0
BRDA:223,25,0,0
BRDA:223,25,1,0
BRDA:232,26,0,0
BRDA:232,26,1,0
BRDA:232,26,2,0
BRDA:233,27,0,0
BRDA:233,27,1,0
BRDA:234,28,0,0
BRDA:234,28,1,0
BRDA:242,29,0,0
BRDA:242,29,1,0
BRDA:242,30,0,0
BRDA:242,30,1,0
BRDA:242,31,0,0
BRDA:242,31,1,0
BRDA:248,32,0,0
BRDA:248,32,1,0
BRDA:271,33,0,0
BRDA:271,33,1,0
BRDA:272,34,0,0
BRDA:272,34,1,0
BRDA:292,35,0,0
BRDA:292,35,1,0
BRDA:312,36,0,0
BRDA:312,36,1,0
BRDA:315,37,0,0
BRDA:315,37,1,0
BRDA:326,38,0,0
BRDA:326,38,1,0
BRDA:339,39,0,0
BRDA:339,39,1,0
BRDA:342,40,0,0
BRDA:342,40,1,0
BRDA:346,41,0,0
BRDA:346,41,1,0
BRDA:353,42,0,0
BRDA:353,42,1,0
BRDA:362,43,0,0
BRDA:362,43,1,0
BRDA:368,44,0,0
BRDA:368,44,1,0
BRDA:380,45,0,0
BRDA:380,45,1,0
BRDA:392,46,0,0
BRDA:392,46,1,0
BRDA:414,47,0,0
BRDA:414,47,1,0
BRDA:414,47,2,0
BRDA:415,48,0,0
BRDA:415,48,1,0
BRDA:418,49,0,0
BRDA:418,49,1,0
BRDA:425,50,0,0
BRDA:425,50,1,0
BRDA:436,51,0,0
BRDA:436,51,1,0
BRDA:449,52,0,0
BRDA:449,52,1,0
BRDA:449,52,2,0
BRDA:450,53,0,0
BRDA:450,53,1,0
BRDA:450,54,0,0
BRDA:450,54,1,0
BRDA:451,55,0,0
BRDA:451,55,1,0
BRDA:451,56,0,0
BRDA:451,56,1,0
BRDA:455,57,0,0
BRDA:455,57,1,0
BRDA:460,58,0,0
BRDA:460,58,1,0
BRDA:461,59,0,0
BRDA:461,59,1,0
BRDA:469,60,0,0
BRDA:469,60,1,0
BRDA:475,61,0,0
BRDA:475,61,1,0
BRDA:488,62,0,0
BRDA:488,62,1,0
BRDA:497,63,0,0
BRDA:497,63,1,0
BRDA:504,64,0,0
BRDA:504,64,1,0
BRDA:524,65,0,0
BRDA:524,65,1,0
BRDA:531,66,0,0
BRDA:531,66,1,0
BRDA:547,67,0,0
BRDA:547,67,1,0
BRDA:554,68,0,0
BRDA:554,68,1,0
BRDA:554,69,0,0
BRDA:554,69,1,0
BRDA:559,70,0,0
BRDA:559,70,1,0
BRDA:568,71,0,0
BRDA:568,71,1,0
BRDA:575,72,0,0
BRDA:575,72,1,0
BRDA:594,73,0,0
BRDA:594,73,1,0
BRDA:598,74,0,0
BRDA:598,74,1,0
BRDA:603,75,0,0
BRDA:603,75,1,0
BRDA:605,76,0,0
BRDA:605,76,1,0
BRDA:611,77,0,0
BRDA:611,77,1,0
BRDA:624,78,0,0
BRDA:624,78,1,0
BRDA:636,79,0,0
BRDA:636,79,1,0
BRDA:636,80,0,0
BRDA:636,80,1,0
BRDA:636,80,2,0
BRDA:648,81,0,0
BRDA:648,81,1,0
BRDA:671,82,0,0
BRDA:671,82,1,0
BRDA:676,83,0,0
BRDA:676,83,1,0
BRDA:678,84,0,0
BRDA:678,84,1,0
BRDA:683,85,0,0
BRDA:683,85,1,0
BRDA:698,86,0,0
BRDA:698,86,1,0
BRDA:709,87,0,0
BRDA:709,87,1,0
BRDA:709,87,2,0
BRDA:709,87,3,0
BRDA:709,87,4,0
BRDA:709,87,5,0
BRDA:709,87,6,0
BRDA:709,87,7,0
BRDA:709,87,8,0
BRDA:709,87,9,0
BRDA:709,87,10,0
BRDA:721,88,0,0
BRDA:721,88,1,0
BRDA:722,89,0,0
BRDA:722,89,1,0
BRDA:724,90,0,0
BRDA:724,90,1,0
BRDA:755,91,0,0
BRDA:755,91,1,0
BRDA:757,92,0,0
BRDA:757,92,1,0
BRDA:757,93,0,0
BRDA:757,93,1,0
BRDA:772,94,0,0
BRDA:772,94,1,0
BRDA:775,95,0,0
BRDA:775,95,1,0
BRDA:785,96,0,0
BRDA:785,96,1,0
BRDA:794,97,0,0
BRDA:794,97,1,0
BRDA:819,98,0,0
BRDA:819,98,1,0
BRDA:819,98,2,0
BRDA:833,99,0,0
BRDA:833,99,1,0
BRDA:844,100,0,0
BRDA:844,100,1,0
BRDA:848,101,0,0
BRDA:848,101,1,0
BRDA:848,101,2,0
BRDA:860,102,0,0
BRDA:860,102,1,0
BRDA:875,103,0,0
BRDA:875,103,1,0
BRDA:890,104,0,0
BRDA:890,104,1,0
BRDA:891,105,0,0
BRDA:891,105,1,0
BRF:224
BRH:0
end_of_record
TN:
SF:src\components\HorizontalBarChart.tsx
FN:20,(anonymous_0)
FN:26,(anonymous_1)
FN:44,(anonymous_2)
FNF:3
FNH:0
FNDA:0,(anonymous_0)
FNDA:0,(anonymous_1)
FNDA:0,(anonymous_2)
DA:20,0
DA:26,0
DA:27,0
DA:28,0
DA:31,0
DA:45,0
DA:46,0
DA:47,0
DA:49,0
DA:137,0
LF:10
LH:0
BRDA:23,0,0,0
BRDA:33,1,0,0
BRDA:33,1,1,0
BRDA:37,2,0,0
BRDA:37,2,1,0
BRDA:47,3,0,0
BRDA:47,3,1,0
BRDA:58,4,0,0
BRDA:58,4,1,0
BRDA:66,5,0,0
BRDA:66,5,1,0
BRDA:72,6,0,0
BRDA:72,6,1,0
BRDA:75,7,0,0
BRDA:75,7,1,0
BRDA:84,8,0,0
BRDA:84,8,1,0
BRDA:90,9,0,0
BRDA:90,9,1,0
BRDA:93,10,0,0
BRDA:93,10,1,0
BRDA:102,11,0,0
BRDA:102,11,1,0
BRDA:108,12,0,0
BRDA:108,12,1,0
BRDA:111,13,0,0
BRDA:111,13,1,0
BRDA:123,14,0,0
BRDA:123,14,1,0
BRF:29
BRH:0
end_of_record
TN:
SF:src\components\Layout.tsx
FN:7,(anonymous_0)
FNF:1
FNH:0
FNDA:0,(anonymous_0)
DA:1,0
DA:7,0
DA:8,0
DA:20,0
LF:4
LH:0
BRF:0
BRH:0
end_of_record
TN:
SF:src\components\LoadingSpinner.tsx
FN:11,(anonymous_0)
FN:17,(anonymous_1)
FN:32,(anonymous_2)
FN:45,(anonymous_3)
FN:77,(anonymous_4)
FN:96,(anonymous_5)
FN:108,(anonymous_6)
FN:120,(anonymous_7)
FNF:8
FNH:0
FNDA:0,(anonymous_0)
FNDA:0,(anonymous_1)
FNDA:0,(anonymous_2)
FNDA:0,(anonymous_3)
FNDA:0,(anonymous_4)
FNDA:0,(anonymous_5)
FNDA:0,(anonymous_6)
FNDA:0,(anonymous_7)
DA:2,0
DA:11,0
DA:17,0
DA:18,0
DA:20,0
DA:22,0
DA:24,0
DA:26,0
DA:28,0
DA:32,0
DA:33,0
DA:35,0
DA:37,0
DA:39,0
DA:41,0
DA:45,0
DA:46,0
DA:48,0
DA:50,0
DA:52,0
DA:54,0
DA:56,0
DA:60,0
DA:77,0
DA:78,0
DA:96,0
DA:97,0
DA:108,0
DA:112,0
DA:120,0
DA:121,0
DA:126,0
LF:32
LH:0
BRDA:12,0,0,0
BRDA:14,1,0,0
BRDA:15,2,0,0
BRDA:18,3,0,0
BRDA:18,3,1,0
BRDA:18,3,2,0
BRDA:18,3,3,0
BRDA:18,3,4,0
BRDA:33,4,0,0
BRDA:33,4,1,0
BRDA:33,4,2,0
BRDA:33,4,3,0
BRDA:46,5,0,0
BRDA:46,5,1,0
BRDA:46,5,2,0
BRDA:46,5,3,0
BRDA:46,5,4,0
BRDA:66,6,0,0
BRDA:66,6,1,0
BRDA:77,7,0,0
BRDA:96,8,0,0
BRDA:109,9,0,0
BRDA:110,10,0,0
BRDA:120,11,0,0
BRF:24
BRH:0
end_of_record
TN:
SF:src\components\MatrizRiscoFilterModal.tsx
FN:27,(anonymous_0)
FN:63,(anonymous_1)
FN:64,(anonymous_2)
FN:76,(anonymous_3)
FN:96,(anonymous_4)
FN:120,(anonymous_5)
FN:137,(anonymous_6)
FN:148,(anonymous_7)
FN:180,(anonymous_8)
FN:197,(anonymous_9)
FN:206,(anonymous_10)
FN:222,(anonymous_11)
FN:230,(anonymous_12)
FN:260,(anonymous_13)
FN:267,(anonymous_14)
FN:274,(anonymous_15)
FN:293,(anonymous_16)
FN:298,(anonymous_17)
FN:321,(anonymous_18)
FN:326,(anonymous_19)
FN:346,(anonymous_20)
FN:351,(anonymous_21)
FNF:22
FNH:0
FNDA:0,(anonymous_0)
FNDA:0,(anonymous_1)
FNDA:0,(anonymous_2)
FNDA:0,(anonymous_3)
FNDA:0,(anonymous_4)
FNDA:0,(anonymous_5)
FNDA:0,(anonymous_6)
FNDA:0,(anonymous_7)
FNDA:0,(anonymous_8)
FNDA:0,(anonymous_9)
FNDA:0,(anonymous_10)
FNDA:0,(anonymous_11)
FNDA:0,(anonymous_12)
FNDA:0,(anonymous_13)
FNDA:0,(anonymous_14)
FNDA:0,(anonymous_15)
FNDA:0,(anonymous_16)
FNDA:0,(anonymous_17)
FNDA:0,(anonymous_18)
FNDA:0,(anonymous_19)
FNDA:0,(anonymous_20)
FNDA:0,(anonymous_21)
DA:1,0
DA:2,0
DA:3,0
DA:4,0
DA:27,0
DA:43,0
DA:45,0
DA:46,0
DA:47,0
DA:48,0
DA:49,0
DA:50,0
DA:51,0
DA:52,0
DA:55,0
DA:63,0
DA:64,0
DA:65,0
DA:67,0
DA:72,0
DA:73,0
DA:76,0
DA:80,0
DA:84,0
DA:91,0
DA:92,0
DA:95,0
DA:96,0
DA:97,0
DA:98,0
DA:99,0
DA:106,0
DA:110,0
DA:116,0
DA:117,0
DA:120,0
DA:124,0
DA:127,0
DA:131,0
DA:132,0
DA:137,0
DA:138,0
DA:139,0
DA:140,0
DA:141,0
DA:142,0
DA:143,0
DA:148,0
DA:149,0
DA:150,0
DA:152,0
DA:159,0
DA:163,0
DA:164,0
DA:169,0
DA:170,0
DA:171,0
DA:172,0
DA:173,0
DA:175,0
DA:176,0
DA:177,0
DA:180,0
DA:181,0
DA:182,0
DA:183,0
DA:184,0
DA:185,0
DA:187,0
DA:188,0
DA:189,0
DA:192,0
DA:197,0
DA:198,0
DA:199,0
DA:200,0
DA:201,0
DA:202,0
DA:203,0
DA:206,0
DA:207,0
DA:208,0
DA:209,0
DA:210,0
DA:211,0
DA:212,0
DA:213,0
DA:217,0
DA:219,0
DA:223,0
DA:224,0
DA:230,0
DA:260,0
DA:268,0
DA:274,0
DA:293,0
DA:299,0
DA:321,0
DA:327,0
DA:346,0
DA:352,0
DA:385,0
LF:102
LH:0
BRDA:72,0,0,0
BRDA:72,0,1,0
BRDA:76,1,0,0
BRDA:76,1,1,0
BRDA:91,2,0,0
BRDA:91,2,1,0
BRDA:97,3,0,0
BRDA:97,3,1,0
BRDA:97,4,0,0
BRDA:97,4,1,0
BRDA:116,5,0,0
BRDA:116,5,1,0
BRDA:120,6,0,0
BRDA:120,6,1,0
BRDA:131,7,0,0
BRDA:131,7,1,0
BRDA:138,8,0,0
BRDA:138,8,1,0
BRDA:149,9,0,0
BRDA:149,9,1,0
BRDA:164,10,0,0
BRDA:164,10,1,0
BRDA:175,11,0,0
BRDA:175,11,1,0
BRDA:187,12,0,0
BRDA:187,12,1,0
BRDA:187,13,0,0
BRDA:187,13,1,0
BRDA:217,14,0,0
BRDA:217,14,1,0
BRDA:223,15,0,0
BRDA:223,15,1,0
BRDA:292,16,0,0
BRDA:292,16,1,0
BRDA:293,17,0,0
BRDA:293,17,1,0
BRDA:320,18,0,0
BRDA:320,18,1,0
BRDA:321,19,0,0
BRDA:321,19,1,0
BRDA:345,20,0,0
BRDA:345,20,1,0
BRDA:346,21,0,0
BRDA:346,21,1,0
BRF:44
BRH:0
end_of_record
TN:
SF:src\components\MatrizRiscoFilterSection.tsx
FN:27,(anonymous_0)
FN:63,(anonymous_1)
FN:64,(anonymous_2)
FN:75,(anonymous_3)
FN:94,(anonymous_4)
FN:117,(anonymous_5)
FN:134,(anonymous_6)
FN:144,(anonymous_7)
FN:152,(anonymous_8)
FN:192,(anonymous_9)
FN:224,(anonymous_10)
FN:231,(anonymous_11)
FN:238,(anonymous_12)
FN:257,(anonymous_13)
FN:261,(anonymous_14)
FN:280,(anonymous_15)
FN:284,(anonymous_16)
FN:303,(anonymous_17)
FN:307,(anonymous_18)
FNF:19
FNH:0
FNDA:0,(anonymous_0)
FNDA:0,(anonymous_1)
FNDA:0,(anonymous_2)
FNDA:0,(anonymous_3)
FNDA:0,(anonymous_4)
FNDA:0,(anonymous_5)
FNDA:0,(anonymous_6)
FNDA:0,(anonymous_7)
FNDA:0,(anonymous_8)
FNDA:0,(anonymous_9)
FNDA:0,(anonymous_10)
FNDA:0,(anonymous_11)
FNDA:0,(anonymous_12)
FNDA:0,(anonymous_13)
FNDA:0,(anonymous_14)
FNDA:0,(anonymous_15)
FNDA:0,(anonymous_16)
FNDA:0,(anonymous_17)
FNDA:0,(anonymous_18)
DA:1,0
DA:2,0
DA:3,0
DA:4,0
DA:27,0
DA:43,0
DA:45,0
DA:46,0
DA:47,0
DA:48,0
DA:49,0
DA:50,0
DA:51,0
DA:52,0
DA:55,0
DA:63,0
DA:64,0
DA:65,0
DA:67,0
DA:72,0
DA:73,0
DA:75,0
DA:79,0
DA:83,0
DA:90,0
DA:91,0
DA:93,0
DA:94,0
DA:95,0
DA:96,0
DA:97,0
DA:104,0
DA:108,0
DA:114,0
DA:115,0
DA:117,0
DA:121,0
DA:124,0
DA:128,0
DA:129,0
DA:134,0
DA:135,0
DA:136,0
DA:137,0
DA:138,0
DA:139,0
DA:140,0
DA:144,0
DA:145,0
DA:146,0
DA:147,0
DA:148,0
DA:149,0
DA:152,0
DA:153,0
DA:154,0
DA:155,0
DA:156,0
DA:157,0
DA:158,0
DA:163,0
DA:165,0
DA:193,0
DA:194,0
DA:224,0
DA:232,0
DA:238,0
DA:257,0
DA:262,0
DA:280,0
DA:285,0
DA:303,0
DA:308,0
DA:341,0
LF:74
LH:0
BRDA:72,0,0,0
BRDA:72,0,1,0
BRDA:75,1,0,0
BRDA:75,1,1,0
BRDA:90,2,0,0
BRDA:90,2,1,0
BRDA:95,3,0,0
BRDA:95,3,1,0
BRDA:95,4,0,0
BRDA:95,4,1,0
BRDA:114,5,0,0
BRDA:114,5,1,0
BRDA:117,6,0,0
BRDA:117,6,1,0
BRDA:128,7,0,0
BRDA:128,7,1,0
BRDA:135,8,0,0
BRDA:135,8,1,0
BRDA:163,9,0,0
BRDA:163,9,1,0
BRDA:163,9,2,0
BRDA:163,9,3,0
BRDA:163,9,4,0
BRDA:179,10,0,0
BRDA:179,10,1,0
BRDA:186,11,0,0
BRDA:186,11,1,0
BRDA:190,12,0,0
BRDA:190,12,1,0
BRDA:207,13,0,0
BRDA:207,13,1,0
BRDA:256,14,0,0
BRDA:256,14,1,0
BRDA:257,15,0,0
BRDA:257,15,1,0
BRDA:279,16,0,0
BRDA:279,16,1,0
BRDA:280,17,0,0
BRDA:280,17,1,0
BRDA:302,18,0,0
BRDA:302,18,1,0
BRDA:303,19,0,0
BRDA:303,19,1,0
BRF:43
BRH:0
end_of_record
TN:
SF:src\components\NaturezaForm.tsx
FN:13,(anonymous_0)
FN:23,(anonymous_1)
FN:33,(anonymous_2)
FN:52,(anonymous_3)
FN:85,(anonymous_4)
FN:86,(anonymous_5)
FN:90,(anonymous_6)
FN:122,(anonymous_7)
FN:146,(anonymous_8)
FN:172,(anonymous_9)
FNF:10
FNH:0
FNDA:0,(anonymous_0)
FNDA:0,(anonymous_1)
FNDA:0,(anonymous_2)
FNDA:0,(anonymous_3)
FNDA:0,(anonymous_4)
FNDA:0,(anonymous_5)
FNDA:0,(anonymous_6)
FNDA:0,(anonymous_7)
FNDA:0,(anonymous_8)
FNDA:0,(anonymous_9)
DA:1,0
DA:2,0
DA:3,0
DA:5,0
DA:13,0
DA:14,0
DA:15,0
DA:20,0
DA:21,0
DA:23,0
DA:24,0
DA:25,0
DA:33,0
DA:34,0
DA:36,0
DA:37,0
DA:38,0
DA:39,0
DA:40,0
DA:41,0
DA:44,0
DA:45,0
DA:48,0
DA:49,0
DA:52,0
DA:53,0
DA:55,0
DA:56,0
DA:57,0
DA:60,0
DA:62,0
DA:65,0
DA:67,0
DA:68,0
DA:71,0
DA:72,0
DA:75,0
DA:76,0
DA:78,0
DA:79,0
DA:81,0
DA:85,0
DA:86,0
DA:89,0
DA:90,0
DA:94,0
DA:122,0
DA:146,0
DA:172,0
DA:217,0
LF:50
LH:0
BRDA:24,0,0,0
BRDA:24,0,1,0
BRDA:27,1,0,0
BRDA:27,1,1,0
BRDA:36,2,0,0
BRDA:36,2,1,0
BRDA:38,3,0,0
BRDA:38,3,1,0
BRDA:40,4,0,0
BRDA:40,4,1,0
BRDA:44,5,0,0
BRDA:44,5,1,0
BRDA:44,6,0,0
BRDA:44,6,1,0
BRDA:55,7,0,0
BRDA:55,7,1,0
BRDA:65,8,0,0
BRDA:65,8,1,0
BRDA:89,9,0,0
BRDA:89,9,1,0
BRDA:100,10,0,0
BRDA:100,10,1,0
BRDA:124,11,0,0
BRDA:124,11,1,0
BRDA:130,12,0,0
BRDA:130,12,1,0
BRDA:149,13,0,0
BRDA:149,13,1,0
BRDA:155,14,0,0
BRDA:155,14,1,0
BRDA:196,15,0,0
BRDA:196,15,1,0
BRDA:198,16,0,0
BRDA:198,16,1,0
BRDA:206,17,0,0
BRDA:206,17,1,0
BRF:36
BRH:0
end_of_record
TN:
SF:src\components\Navbar.tsx
FN:49,(anonymous_0)
FN:54,(anonymous_1)
FN:67,(anonymous_2)
FN:68,(anonymous_3)
FN:70,(anonymous_4)
FN:75,(anonymous_5)
FN:79,(anonymous_6)
FN:84,(anonymous_7)
FN:87,(anonymous_8)
FN:90,(anonymous_9)
FN:100,(anonymous_10)
FN:109,(anonymous_11)
FN:128,(anonymous_12)
FN:139,(anonymous_13)
FN:199,(anonymous_14)
FN:203,(anonymous_15)
FN:207,(anonymous_16)
FNF:17
FNH:0
FNDA:0,(anonymous_0)
FNDA:0,(anonymous_1)
FNDA:0,(anonymous_2)
FNDA:0,(anonymous_3)
FNDA:0,(anonymous_4)
FNDA:0,(anonymous_5)
FNDA:0,(anonymous_6)
FNDA:0,(anonymous_7)
FNDA:0,(anonymous_8)
FNDA:0,(anonymous_9)
FNDA:0,(anonymous_10)
FNDA:0,(anonymous_11)
FNDA:0,(anonymous_12)
FNDA:0,(anonymous_13)
FNDA:0,(anonymous_14)
FNDA:0,(anonymous_15)
FNDA:0,(anonymous_16)
DA:1,0
DA:2,0
DA:3,0
DA:4,0
DA:5,0
DA:13,0
DA:49,0
DA:50,0
DA:51,0
DA:52,0
DA:54,0
DA:55,0
DA:57,0
DA:59,0
DA:61,0
DA:63,0
DA:67,0
DA:68,0
DA:69,0
DA:70,0
DA:75,0
DA:76,0
DA:79,0
DA:80,0
DA:81,0
DA:84,0
DA:85,0
DA:86,0
DA:87,0
DA:88,0
DA:89,0
DA:90,0
DA:91,0
DA:94,0
DA:97,0
DA:100,0
DA:101,0
DA:102,0
DA:103,0
DA:105,0
DA:106,0
DA:109,0
DA:129,0
DA:140,0
DA:176,0
DA:192,0
DA:199,0
DA:203,0
DA:207,0
DA:272,0
LF:50
LH:0
BRDA:55,0,0,0
BRDA:55,0,1,0
BRDA:55,0,2,0
BRDA:55,0,3,0
BRDA:69,1,0,0
BRDA:69,1,1,0
BRDA:80,2,0,0
BRDA:80,2,1,0
BRDA:81,3,0,0
BRDA:81,3,1,0
BRDA:85,4,0,0
BRDA:85,4,1,0
BRDA:85,5,0,0
BRDA:85,5,1,0
BRDA:86,6,0,0
BRDA:86,6,1,0
BRDA:88,7,0,0
BRDA:88,7,1,0
BRDA:88,8,0,0
BRDA:88,8,1,0
BRDA:89,9,0,0
BRDA:89,9,1,0
BRDA:91,10,0,0
BRDA:91,10,1,0
BRDA:101,11,0,0
BRDA:101,11,1,0
BRDA:103,12,0,0
BRDA:103,12,1,0
BRDA:105,13,0,0
BRDA:105,13,1,0
BRDA:111,14,0,0
BRDA:111,14,1,0
BRDA:120,15,0,0
BRDA:120,15,1,0
BRDA:125,16,0,0
BRDA:125,16,1,0
BRDA:130,17,0,0
BRDA:130,17,1,0
BRDA:133,18,0,0
BRDA:133,18,1,0
BRDA:133,19,0,0
BRDA:133,19,1,0
BRDA:145,20,0,0
BRDA:145,20,1,0
BRDA:159,21,0,0
BRDA:159,21,1,0
BRDA:181,22,0,0
BRDA:181,22,1,0
BRDA:203,23,0,0
BRDA:203,23,1,0
BRDA:209,24,0,0
BRDA:209,24,1,0
BRDA:218,25,0,0
BRDA:218,25,1,0
BRDA:223,26,0,0
BRDA:223,26,1,0
BRDA:231,27,0,0
BRDA:231,27,1,0
BRDA:245,28,0,0
BRDA:245,28,1,0
BRDA:262,29,0,0
BRDA:262,29,1,0
BRF:62
BRH:0
end_of_record
TN:
SF:src\components\PortfolioAcoesFilterModal.tsx
FN:77,(anonymous_0)
FN:120,(anonymous_1)
FN:121,(anonymous_2)
FN:134,(anonymous_3)
FN:135,(anonymous_4)
FN:157,(anonymous_5)
FN:158,(anonymous_6)
FN:181,(anonymous_7)
FN:182,(anonymous_8)
FN:215,(anonymous_9)
FN:236,(anonymous_10)
FN:242,(anonymous_11)
FN:248,(anonymous_12)
FN:282,(anonymous_13)
FN:297,(anonymous_14)
FN:298,(anonymous_15)
FN:320,(anonymous_16)
FN:349,(anonymous_17)
FN:357,(anonymous_18)
FN:358,(anonymous_19)
FN:373,(anonymous_20)
FN:378,(anonymous_21)
FN:382,(anonymous_22)
FN:392,(anonymous_23)
FN:402,(anonymous_24)
FN:409,(anonymous_25)
FN:443,(anonymous_26)
FN:450,(anonymous_27)
FN:465,(anonymous_28)
FN:480,(anonymous_29)
FN:484,(anonymous_30)
FN:499,(anonymous_31)
FN:503,(anonymous_32)
FN:518,(anonymous_33)
FN:525,(anonymous_34)
FN:540,(anonymous_35)
FN:547,(anonymous_36)
FNF:37
FNH:0
FNDA:0,(anonymous_0)
FNDA:0,(anonymous_1)
FNDA:0,(anonymous_2)
FNDA:0,(anonymous_3)
FNDA:0,(anonymous_4)
FNDA:0,(anonymous_5)
FNDA:0,(anonymous_6)
FNDA:0,(anonymous_7)
FNDA:0,(anonymous_8)
FNDA:0,(anonymous_9)
FNDA:0,(anonymous_10)
FNDA:0,(anonymous_11)
FNDA:0,(anonymous_12)
FNDA:0,(anonymous_13)
FNDA:0,(anonymous_14)
FNDA:0,(anonymous_15)
FNDA:0,(anonymous_16)
FNDA:0,(anonymous_17)
FNDA:0,(anonymous_18)
FNDA:0,(anonymous_19)
FNDA:0,(anonymous_20)
FNDA:0,(anonymous_21)
FNDA:0,(anonymous_22)
FNDA:0,(anonymous_23)
FNDA:0,(anonymous_24)
FNDA:0,(anonymous_25)
FNDA:0,(anonymous_26)
FNDA:0,(anonymous_27)
FNDA:0,(anonymous_28)
FNDA:0,(anonymous_29)
FNDA:0,(anonymous_30)
FNDA:0,(anonymous_31)
FNDA:0,(anonymous_32)
FNDA:0,(anonymous_33)
FNDA:0,(anonymous_34)
FNDA:0,(anonymous_35)
FNDA:0,(anonymous_36)
DA:1,0
DA:2,0
DA:3,0
DA:4,0
DA:77,0
DA:93,0
DA:96,0
DA:97,0
DA:98,0
DA:99,0
DA:100,0
DA:103,0
DA:106,0
DA:107,0
DA:108,0
DA:109,0
DA:112,0
DA:120,0
DA:121,0
DA:122,0
DA:124,0
DA:129,0
DA:131,0
DA:134,0
DA:135,0
DA:144,0
DA:147,0
DA:152,0
DA:154,0
DA:157,0
DA:158,0
DA:168,0
DA:171,0
DA:176,0
DA:178,0
DA:181,0
DA:182,0
DA:192,0
DA:195,0
DA:200,0
DA:202,0
DA:205,0
DA:209,0
DA:210,0
DA:215,0
DA:216,0
DA:218,0
DA:219,0
DA:222,0
DA:223,0
DA:224,0
DA:225,0
DA:226,0
DA:229,0
DA:230,0
DA:231,0
DA:232,0
DA:233,0
DA:236,0
DA:237,0
DA:238,0
DA:239,0
DA:242,0
DA:243,0
DA:244,0
DA:245,0
DA:248,0
DA:249,0
DA:250,0
DA:251,0
DA:252,0
DA:257,0
DA:258,0
DA:259,0
DA:262,0
DA:273,0
DA:274,0
DA:275,0
DA:276,0
DA:277,0
DA:282,0
DA:283,0
DA:285,0
DA:286,0
DA:287,0
DA:288,0
DA:289,0
DA:292,0
DA:297,0
DA:298,0
DA:300,0
DA:301,0
DA:302,0
DA:303,0
DA:304,0
DA:305,0
DA:306,0
DA:309,0
DA:310,0
DA:311,0
DA:314,0
DA:320,0
DA:321,0
DA:323,0
DA:324,0
DA:325,0
DA:326,0
DA:327,0
DA:328,0
DA:329,0
DA:332,0
DA:333,0
DA:334,0
DA:337,0
DA:340,0
DA:341,0
DA:342,0
DA:343,0
DA:344,0
DA:348,0
DA:349,0
DA:350,0
DA:357,0
DA:358,0
DA:360,0
DA:361,0
DA:362,0
DA:363,0
DA:364,0
DA:367,0
DA:372,0
DA:373,0
DA:377,0
DA:378,0
DA:382,0
DA:383,0
DA:384,0
DA:385,0
DA:386,0
DA:387,0
DA:388,0
DA:392,0
DA:393,0
DA:394,0
DA:395,0
DA:396,0
DA:397,0
DA:398,0
DA:402,0
DA:403,0
DA:404,0
DA:405,0
DA:409,0
DA:410,0
DA:411,0
DA:414,0
DA:416,0
DA:444,0
DA:450,0
DA:465,0
DA:480,0
DA:485,0
DA:499,0
DA:504,0
DA:518,0
DA:526,0
DA:540,0
DA:548,0
DA:586,0
LF:169
LH:0
BRDA:129,0,0,0
BRDA:129,0,1,0
BRDA:133,1,0,0
BRDA:133,1,1,0
BRDA:134,2,0,0
BRDA:134,2,1,0
BRDA:152,3,0,0
BRDA:152,3,1,0
BRDA:156,4,0,0
BRDA:156,4,1,0
BRDA:157,5,0,0
BRDA:157,5,1,0
BRDA:176,6,0,0
BRDA:176,6,1,0
BRDA:180,7,0,0
BRDA:180,7,1,0
BRDA:181,8,0,0
BRDA:181,8,1,0
BRDA:200,9,0,0
BRDA:200,9,1,0
BRDA:202,10,0,0
BRDA:202,10,1,0
BRDA:209,11,0,0
BRDA:209,11,1,0
BRDA:216,12,0,0
BRDA:216,12,1,0
BRDA:218,13,0,0
BRDA:218,13,1,0
BRDA:249,14,0,0
BRDA:249,14,1,0
BRDA:249,15,0,0
BRDA:249,15,1,0
BRDA:249,15,2,0
BRDA:249,15,3,0
BRDA:249,15,4,0
BRDA:283,16,0,0
BRDA:283,16,1,0
BRDA:301,17,0,0
BRDA:301,17,1,0
BRDA:302,18,0,0
BRDA:302,18,1,0
BRDA:303,19,0,0
BRDA:303,19,1,0
BRDA:304,20,0,0
BRDA:304,20,1,0
BRDA:305,21,0,0
BRDA:305,21,1,0
BRDA:306,22,0,0
BRDA:306,22,1,0
BRDA:321,23,0,0
BRDA:321,23,1,0
BRDA:324,24,0,0
BRDA:324,24,1,0
BRDA:325,25,0,0
BRDA:325,25,1,0
BRDA:326,26,0,0
BRDA:326,26,1,0
BRDA:327,27,0,0
BRDA:327,27,1,0
BRDA:328,28,0,0
BRDA:328,28,1,0
BRDA:329,29,0,0
BRDA:329,29,1,0
BRDA:348,30,0,0
BRDA:348,30,1,0
BRDA:372,31,0,0
BRDA:372,31,1,0
BRDA:377,32,0,0
BRDA:377,32,1,0
BRDA:414,33,0,0
BRDA:414,33,1,0
BRDA:479,34,0,0
BRDA:479,34,1,0
BRDA:480,35,0,0
BRDA:480,35,1,0
BRDA:498,36,0,0
BRDA:498,36,1,0
BRDA:499,37,0,0
BRDA:499,37,1,0
BRDA:517,38,0,0
BRDA:517,38,1,0
BRDA:518,39,0,0
BRDA:518,39,1,0
BRDA:523,40,0,0
BRDA:523,40,1,0
BRDA:539,41,0,0
BRDA:539,41,1,0
BRDA:540,42,0,0
BRDA:540,42,1,0
BRDA:545,43,0,0
BRDA:545,43,1,0
BRF:91
BRH:0
end_of_record
TN:
SF:src\components\PortfolioAcoesFilterSection.tsx
FN:51,(anonymous_0)
FN:88,(anonymous_1)
FN:89,(anonymous_2)
FN:103,(anonymous_3)
FN:104,(anonymous_4)
FN:126,(anonymous_5)
FN:145,(anonymous_6)
FN:179,(anonymous_7)
FN:189,(anonymous_8)
FN:200,(anonymous_9)
FN:210,(anonymous_10)
FN:217,(anonymous_11)
FN:224,(anonymous_12)
FN:229,(anonymous_13)
FN:265,(anonymous_14)
FN:297,(anonymous_15)
FN:304,(anonymous_16)
FN:311,(anonymous_17)
FN:333,(anonymous_18)
FN:340,(anonymous_19)
FN:359,(anonymous_20)
FN:363,(anonymous_21)
FN:385,(anonymous_22)
FN:397,(anonymous_23)
FN:416,(anonymous_24)
FN:423,(anonymous_25)
FNF:26
FNH:0
FNDA:0,(anonymous_0)
FNDA:0,(anonymous_1)
FNDA:0,(anonymous_2)
FNDA:0,(anonymous_3)
FNDA:0,(anonymous_4)
FNDA:0,(anonymous_5)
FNDA:0,(anonymous_6)
FNDA:0,(anonymous_7)
FNDA:0,(anonymous_8)
FNDA:0,(anonymous_9)
FNDA:0,(anonymous_10)
FNDA:0,(anonymous_11)
FNDA:0,(anonymous_12)
FNDA:0,(anonymous_13)
FNDA:0,(anonymous_14)
FNDA:0,(anonymous_15)
FNDA:0,(anonymous_16)
FNDA:0,(anonymous_17)
FNDA:0,(anonymous_18)
FNDA:0,(anonymous_19)
FNDA:0,(anonymous_20)
FNDA:0,(anonymous_21)
FNDA:0,(anonymous_22)
FNDA:0,(anonymous_23)
FNDA:0,(anonymous_24)
FNDA:0,(anonymous_25)
DA:1,0
DA:2,0
DA:3,0
DA:4,0
DA:51,0
DA:67,0
DA:69,0
DA:70,0
DA:71,0
DA:72,0
DA:73,0
DA:75,0
DA:76,0
DA:77,0
DA:78,0
DA:81,0
DA:88,0
DA:89,0
DA:90,0
DA:92,0
DA:97,0
DA:98,0
DA:100,0
DA:103,0
DA:104,0
DA:113,0
DA:117,0
DA:122,0
DA:123,0
DA:124,0
DA:126,0
DA:131,0
DA:132,0
DA:136,0
DA:141,0
DA:142,0
DA:143,0
DA:145,0
DA:150,0
DA:151,0
DA:155,0
DA:160,0
DA:161,0
DA:162,0
DA:164,0
DA:165,0
DA:169,0
DA:173,0
DA:174,0
DA:179,0
DA:180,0
DA:181,0
DA:182,0
DA:183,0
DA:184,0
DA:185,0
DA:189,0
DA:190,0
DA:191,0
DA:192,0
DA:193,0
DA:194,0
DA:197,0
DA:200,0
DA:201,0
DA:202,0
DA:203,0
DA:204,0
DA:205,0
DA:206,0
DA:210,0
DA:211,0
DA:212,0
DA:213,0
DA:217,0
DA:218,0
DA:219,0
DA:223,0
DA:224,0
DA:228,0
DA:229,0
DA:233,0
DA:235,0
DA:266,0
DA:267,0
DA:297,0
DA:305,0
DA:311,0
DA:333,0
DA:341,0
DA:359,0
DA:364,0
DA:385,0
DA:398,0
DA:416,0
DA:424,0
DA:457,0
LF:97
LH:0
BRDA:97,0,0,0
BRDA:97,0,1,0
BRDA:102,1,0,0
BRDA:102,1,1,0
BRDA:103,2,0,0
BRDA:103,2,1,0
BRDA:122,3,0,0
BRDA:122,3,1,0
BRDA:126,4,0,0
BRDA:126,4,1,0
BRDA:141,5,0,0
BRDA:141,5,1,0
BRDA:145,6,0,0
BRDA:145,6,1,0
BRDA:160,7,0,0
BRDA:160,7,1,0
BRDA:164,8,0,0
BRDA:164,8,1,0
BRDA:165,9,0,0
BRDA:165,9,1,0
BRDA:173,10,0,0
BRDA:173,10,1,0
BRDA:180,11,0,0
BRDA:180,11,1,0
BRDA:223,12,0,0
BRDA:223,12,1,0
BRDA:228,13,0,0
BRDA:228,13,1,0
BRDA:233,14,0,0
BRDA:233,14,1,0
BRDA:233,14,2,0
BRDA:233,14,3,0
BRDA:233,14,4,0
BRDA:252,15,0,0
BRDA:252,15,1,0
BRDA:259,16,0,0
BRDA:259,16,1,0
BRDA:263,17,0,0
BRDA:263,17,1,0
BRDA:280,18,0,0
BRDA:280,18,1,0
BRDA:327,19,0,0
BRDA:327,19,1,0
BRDA:332,20,0,0
BRDA:332,20,1,0
BRDA:333,21,0,0
BRDA:333,21,1,0
BRDA:338,22,0,0
BRDA:338,22,1,0
BRDA:358,23,0,0
BRDA:358,23,1,0
BRDA:359,24,0,0
BRDA:359,24,1,0
BRDA:379,25,0,0
BRDA:379,25,1,0
BRDA:384,26,0,0
BRDA:384,26,1,0
BRDA:385,27,0,0
BRDA:385,27,1,0
BRDA:387,28,0,0
BRDA:387,28,1,0
BRDA:390,29,0,0
BRDA:390,29,1,0
BRDA:392,30,0,0
BRDA:392,30,1,0
BRDA:415,31,0,0
BRDA:415,31,1,0
BRDA:416,32,0,0
BRDA:416,32,1,0
BRDA:421,33,0,0
BRDA:421,33,1,0
BRF:71
BRH:0
end_of_record
TN:
SF:src\components\PortfolioFilterBlock.tsx
FN:28,(anonymous_0)
FN:54,(anonymous_1)
FN:59,(anonymous_2)
FN:63,(anonymous_3)
FN:73,(anonymous_4)
FN:86,(anonymous_5)
FN:99,(anonymous_6)
FN:112,(anonymous_7)
FN:125,(anonymous_8)
FN:147,(anonymous_9)
FN:150,(anonymous_10)
FN:156,(anonymous_11)
FN:163,(anonymous_12)
FN:166,(anonymous_13)
FN:169,(anonymous_14)
FN:175,(anonymous_15)
FN:190,(anonymous_16)
FN:197,(anonymous_17)
FN:199,(anonymous_18)
FN:204,(anonymous_19)
FN:210,(anonymous_20)
FN:212,(anonymous_21)
FN:227,(anonymous_22)
FN:286,(anonymous_23)
FN:291,(anonymous_24)
FN:316,(anonymous_25)
FN:316,(anonymous_26)
FN:321,(anonymous_27)
FN:326,(anonymous_28)
FN:346,(anonymous_29)
FN:351,(anonymous_30)
FN:374,(anonymous_31)
FN:379,(anonymous_32)
FN:399,(anonymous_33)
FN:404,(anonymous_34)
FN:429,(anonymous_35)
FN:429,(anonymous_36)
FN:434,(anonymous_37)
FN:439,(anonymous_38)
FN:462,(anonymous_39)
FN:467,(anonymous_40)
FN:485,(anonymous_41)
FN:494,(anonymous_42)
FN:514,(anonymous_43)
FNF:44
FNH:0
FNDA:0,(anonymous_0)
FNDA:0,(anonymous_1)
FNDA:0,(anonymous_2)
FNDA:0,(anonymous_3)
FNDA:0,(anonymous_4)
FNDA:0,(anonymous_5)
FNDA:0,(anonymous_6)
FNDA:0,(anonymous_7)
FNDA:0,(anonymous_8)
FNDA:0,(anonymous_9)
FNDA:0,(anonymous_10)
FNDA:0,(anonymous_11)
FNDA:0,(anonymous_12)
FNDA:0,(anonymous_13)
FNDA:0,(anonymous_14)
FNDA:0,(anonymous_15)
FNDA:0,(anonymous_16)
FNDA:0,(anonymous_17)
FNDA:0,(anonymous_18)
FNDA:0,(anonymous_19)
FNDA:0,(anonymous_20)
FNDA:0,(anonymous_21)
FNDA:0,(anonymous_22)
FNDA:0,(anonymous_23)
FNDA:0,(anonymous_24)
FNDA:0,(anonymous_25)
FNDA:0,(anonymous_26)
FNDA:0,(anonymous_27)
FNDA:0,(anonymous_28)
FNDA:0,(anonymous_29)
FNDA:0,(anonymous_30)
FNDA:0,(anonymous_31)
FNDA:0,(anonymous_32)
FNDA:0,(anonymous_33)
FNDA:0,(anonymous_34)
FNDA:0,(anonymous_35)
FNDA:0,(anonymous_36)
FNDA:0,(anonymous_37)
FNDA:0,(anonymous_38)
FNDA:0,(anonymous_39)
FNDA:0,(anonymous_40)
FNDA:0,(anonymous_41)
FNDA:0,(anonymous_42)
FNDA:0,(anonymous_43)
DA:1,0
DA:2,0
DA:3,0
DA:28,0
DA:32,0
DA:33,0
DA:34,0
DA:35,0
DA:38,0
DA:39,0
DA:40,0
DA:41,0
DA:42,0
DA:43,0
DA:46,0
DA:54,0
DA:55,0
DA:59,0
DA:60,0
DA:63,0
DA:64,0
DA:65,0
DA:67,0
DA:72,0
DA:73,0
DA:80,0
DA:85,0
DA:86,0
DA:93,0
DA:98,0
DA:99,0
DA:106,0
DA:111,0
DA:112,0
DA:119,0
DA:124,0
DA:125,0
DA:132,0
DA:141,0
DA:143,0
DA:147,0
DA:148,0
DA:150,0
DA:156,0
DA:163,0
DA:164,0
DA:165,0
DA:166,0
DA:169,0
DA:175,0
DA:177,0
DA:178,0
DA:179,0
DA:181,0
DA:182,0
DA:183,0
DA:187,0
DA:190,0
DA:191,0
DA:192,0
DA:193,0
DA:194,0
DA:197,0
DA:198,0
DA:199,0
DA:200,0
DA:204,0
DA:205,0
DA:206,0
DA:210,0
DA:211,0
DA:212,0
DA:213,0
DA:214,0
DA:215,0
DA:216,0
DA:219,0
DA:222,0
DA:224,0
DA:227,0
DA:287,0
DA:291,0
DA:316,0
DA:322,0
DA:326,0
DA:347,0
DA:351,0
DA:375,0
DA:379,0
DA:400,0
DA:404,0
DA:429,0
DA:435,0
DA:439,0
DA:463,0
DA:467,0
DA:485,0
DA:494,0
DA:514,0
DA:536,0
LF:100
LH:0
BRDA:72,0,0,0
BRDA:72,0,1,0
BRDA:85,1,0,0
BRDA:85,1,1,0
BRDA:98,2,0,0
BRDA:98,2,1,0
BRDA:111,3,0,0
BRDA:111,3,1,0
BRDA:124,4,0,0
BRDA:124,4,1,0
BRDA:148,5,0,0
BRDA:148,5,1,0
BRDA:148,6,0,0
BRDA:148,6,1,0
BRDA:158,7,0,0
BRDA:158,7,1,0
BRDA:164,8,0,0
BRDA:164,8,1,0
BRDA:165,9,0,0
BRDA:165,9,1,0
BRDA:177,10,0,0
BRDA:177,10,1,0
BRDA:177,11,0,0
BRDA:177,11,1,0
BRDA:181,12,0,0
BRDA:181,12,1,0
BRDA:198,13,0,0
BRDA:198,13,1,0
BRDA:206,14,0,0
BRDA:206,14,1,0
BRDA:213,15,0,0
BRDA:213,15,1,0
BRDA:213,16,0,0
BRDA:213,16,1,0
BRDA:215,17,0,0
BRDA:215,17,1,0
BRDA:215,18,0,0
BRDA:215,18,1,0
BRDA:231,19,0,0
BRDA:231,19,1,0
BRDA:240,20,0,0
BRDA:240,20,1,0
BRDA:248,21,0,0
BRDA:248,21,1,0
BRDA:253,22,0,0
BRDA:253,22,1,0
BRDA:263,23,0,0
BRDA:263,23,1,0
BRDA:266,24,0,0
BRDA:266,24,1,0
BRDA:279,25,0,0
BRDA:279,25,1,0
BRDA:290,26,0,0
BRDA:290,26,1,0
BRDA:304,27,0,0
BRDA:304,27,1,0
BRDA:315,28,0,0
BRDA:315,28,1,0
BRDA:321,29,0,0
BRDA:321,29,1,0
BRDA:325,30,0,0
BRDA:325,30,1,0
BRDA:339,31,0,0
BRDA:339,31,1,0
BRDA:350,32,0,0
BRDA:350,32,1,0
BRDA:367,33,0,0
BRDA:367,33,1,0
BRDA:378,34,0,0
BRDA:378,34,1,0
BRDA:392,35,0,0
BRDA:392,35,1,0
BRDA:403,36,0,0
BRDA:403,36,1,0
BRDA:417,37,0,0
BRDA:417,37,1,0
BRDA:428,38,0,0
BRDA:428,38,1,0
BRDA:434,39,0,0
BRDA:434,39,1,0
BRDA:438,40,0,0
BRDA:438,40,1,0
BRDA:455,41,0,0
BRDA:455,41,1,0
BRDA:466,42,0,0
BRDA:466,42,1,0
BRDA:484,43,0,0
BRDA:484,43,1,0
BRDA:493,44,0,0
BRDA:493,44,1,0
BRF:90
BRH:0
end_of_record
TN:
SF:src\components\ProcessChartModal.tsx
FN:12,(anonymous_0)
FN:52,(anonymous_1)
FN:86,(anonymous_2)
FN:163,(anonymous_3)
FN:174,(anonymous_4)
FN:176,(anonymous_5)
FNF:6
FNH:0
FNDA:0,(anonymous_0)
FNDA:0,(anonymous_1)
FNDA:0,(anonymous_2)
FNDA:0,(anonymous_3)
FNDA:0,(anonymous_4)
FNDA:0,(anonymous_5)
DA:2,0
DA:3,0
DA:12,0
DA:18,0
DA:20,0
DA:21,0
DA:22,0
DA:24,0
DA:37,0
DA:52,0
DA:53,0
DA:55,0
DA:56,0
DA:57,0
DA:58,0
DA:60,0
DA:86,0
DA:87,0
DA:88,0
DA:89,0
DA:98,0
DA:101,0
DA:164,0
DA:175,0
DA:176,0
DA:211,0
LF:26
LH:0
BRDA:18,0,0,0
BRDA:18,0,1,0
BRDA:21,1,0,0
BRDA:21,1,1,0
BRDA:22,2,0,0
BRDA:22,2,1,0
BRDA:53,3,0,0
BRDA:53,3,1,0
BRDA:53,4,0,0
BRDA:53,4,1,0
BRDA:53,4,2,0
BRDA:53,4,3,0
BRDA:53,4,4,0
BRDA:65,5,0,0
BRDA:65,5,1,0
BRDA:87,6,0,0
BRDA:87,6,1,0
BRDA:87,7,0,0
BRDA:87,7,1,0
BRDA:87,7,2,0
BRDA:130,8,0,0
BRDA:130,8,1,0
BRF:22
BRH:0
end_of_record
TN:
SF:src\components\ProcessFilterModal.tsx
FN:31,(anonymous_0)
FN:45,(anonymous_1)
FN:49,(anonymous_2)
FN:54,(anonymous_3)
FN:55,(anonymous_4)
FN:65,(anonymous_5)
FN:70,(anonymous_6)
FN:75,(anonymous_7)
FN:77,(anonymous_8)
FN:82,(anonymous_9)
FN:85,(anonymous_10)
FN:86,(anonymous_11)
FN:90,(anonymous_12)
FN:96,(anonymous_13)
FN:100,(anonymous_14)
FN:130,(anonymous_15)
FN:131,(anonymous_16)
FN:190,(anonymous_17)
FN:194,(anonymous_18)
FN:223,(anonymous_19)
FN:235,(anonymous_20)
FN:257,(anonymous_21)
FN:263,(anonymous_22)
FN:276,(anonymous_23)
FN:302,(anonymous_24)
FN:307,(anonymous_25)
FN:312,(anonymous_26)
FN:317,(anonymous_27)
FN:324,(anonymous_28)
FN:325,(anonymous_29)
FN:328,(anonymous_30)
FN:338,(anonymous_31)
FN:343,(anonymous_32)
FN:397,(anonymous_33)
FN:397,(anonymous_34)
FN:405,(anonymous_35)
FN:405,(anonymous_36)
FN:413,(anonymous_37)
FN:413,(anonymous_38)
FN:421,(anonymous_39)
FN:421,(anonymous_40)
FN:429,(anonymous_41)
FN:429,(anonymous_42)
FNF:43
FNH:0
FNDA:0,(anonymous_0)
FNDA:0,(anonymous_1)
FNDA:0,(anonymous_2)
FNDA:0,(anonymous_3)
FNDA:0,(anonymous_4)
FNDA:0,(anonymous_5)
FNDA:0,(anonymous_6)
FNDA:0,(anonymous_7)
FNDA:0,(anonymous_8)
FNDA:0,(anonymous_9)
FNDA:0,(anonymous_10)
FNDA:0,(anonymous_11)
FNDA:0,(anonymous_12)
FNDA:0,(anonymous_13)
FNDA:0,(anonymous_14)
FNDA:0,(anonymous_15)
FNDA:0,(anonymous_16)
FNDA:0,(anonymous_17)
FNDA:0,(anonymous_18)
FNDA:0,(anonymous_19)
FNDA:0,(anonymous_20)
FNDA:0,(anonymous_21)
FNDA:0,(anonymous_22)
FNDA:0,(anonymous_23)
FNDA:0,(anonymous_24)
FNDA:0,(anonymous_25)
FNDA:0,(anonymous_26)
FNDA:0,(anonymous_27)
FNDA:0,(anonymous_28)
FNDA:0,(anonymous_29)
FNDA:0,(anonymous_30)
FNDA:0,(anonymous_31)
FNDA:0,(anonymous_32)
FNDA:0,(anonymous_33)
FNDA:0,(anonymous_34)
FNDA:0,(anonymous_35)
FNDA:0,(anonymous_36)
FNDA:0,(anonymous_37)
FNDA:0,(anonymous_38)
FNDA:0,(anonymous_39)
FNDA:0,(anonymous_40)
FNDA:0,(anonymous_41)
FNDA:0,(anonymous_42)
DA:1,0
DA:2,0
DA:31,0
DA:38,0
DA:39,0
DA:40,0
DA:41,0
DA:42,0
DA:45,0
DA:46,0
DA:49,0
DA:50,0
DA:54,0
DA:55,0
DA:56,0
DA:57,0
DA:58,0
DA:62,0
DA:63,0
DA:65,0
DA:66,0
DA:70,0
DA:71,0
DA:75,0
DA:76,0
DA:77,0
DA:79,0
DA:82,0
DA:83,0
DA:85,0
DA:86,0
DA:87,0
DA:90,0
DA:91,0
DA:92,0
DA:96,0
DA:97,0
DA:100,0
DA:101,0
DA:102,0
DA:103,0
DA:108,0
DA:130,0
DA:131,0
DA:191,0
DA:194,0
DA:223,0
DA:232,0
DA:235,0
DA:236,0
DA:238,0
DA:241,0
DA:244,0
DA:245,0
DA:246,0
DA:247,0
DA:248,0
DA:251,0
DA:252,0
DA:253,0
DA:257,0
DA:258,0
DA:259,0
DA:260,0
DA:263,0
DA:265,0
DA:266,0
DA:267,0
DA:272,0
DA:273,0
DA:274,0
DA:276,0
DA:278,0
DA:279,0
DA:280,0
DA:283,0
DA:284,0
DA:285,0
DA:286,0
DA:287,0
DA:290,0
DA:291,0
DA:292,0
DA:296,0
DA:302,0
DA:303,0
DA:307,0
DA:312,0
DA:317,0
DA:323,0
DA:324,0
DA:325,0
DA:328,0
DA:333,0
DA:338,0
DA:339,0
DA:340,0
DA:343,0
DA:344,0
DA:351,0
DA:355,0
DA:357,0
DA:397,0
DA:405,0
DA:413,0
DA:421,0
DA:429,0
DA:457,0
LF:108
LH:0
BRDA:50,0,0,0
BRDA:50,0,1,0
BRDA:56,1,0,0
BRDA:56,1,1,0
BRDA:56,2,0,0
BRDA:56,2,1,0
BRDA:62,3,0,0
BRDA:62,3,1,0
BRDA:76,4,0,0
BRDA:76,4,1,0
BRDA:83,5,0,0
BRDA:83,5,1,0
BRDA:102,6,0,0
BRDA:102,6,1,0
BRDA:120,7,0,0
BRDA:120,7,1,0
BRDA:125,8,0,0
BRDA:125,8,1,0
BRDA:127,9,0,0
BRDA:127,9,1,0
BRDA:139,10,0,0
BRDA:139,10,1,0
BRDA:143,11,0,0
BRDA:143,11,1,0
BRDA:161,12,0,0
BRDA:161,12,1,0
BRDA:169,13,0,0
BRDA:169,13,1,0
BRDA:171,14,0,0
BRDA:171,14,1,0
BRDA:174,15,0,0
BRDA:174,15,1,0
BRDA:177,16,0,0
BRDA:177,16,1,0
BRDA:185,17,0,0
BRDA:185,17,1,0
BRDA:187,18,0,0
BRDA:187,18,1,0
BRDA:199,19,0,0
BRDA:199,19,1,0
BRDA:201,20,0,0
BRDA:201,20,1,0
BRDA:206,21,0,0
BRDA:206,21,1,0
BRDA:236,22,0,0
BRDA:236,22,1,0
BRDA:251,23,0,0
BRDA:251,23,1,0
BRDA:265,24,0,0
BRDA:265,24,1,0
BRDA:290,25,0,0
BRDA:290,25,1,0
BRDA:355,26,0,0
BRDA:355,26,1,0
BRF:54
BRH:0
end_of_record
TN:
SF:src\components\ProfileForm.tsx
FN:42,(anonymous_0)
FN:88,(anonymous_1)
FN:94,(anonymous_2)
FN:107,(anonymous_3)
FN:112,(anonymous_4)
FN:116,(anonymous_5)
FN:120,(anonymous_6)
FN:188,(anonymous_7)
FN:212,(anonymous_8)
FN:247,(anonymous_9)
FN:252,(anonymous_10)
FN:276,(anonymous_11)
FN:297,(anonymous_12)
FN:302,(anonymous_13)
FN:327,(anonymous_14)
FN:332,(anonymous_15)
FN:361,(anonymous_16)
FNF:17
FNH:0
FNDA:0,(anonymous_0)
FNDA:0,(anonymous_1)
FNDA:0,(anonymous_2)
FNDA:0,(anonymous_3)
FNDA:0,(anonymous_4)
FNDA:0,(anonymous_5)
FNDA:0,(anonymous_6)
FNDA:0,(anonymous_7)
FNDA:0,(anonymous_8)
FNDA:0,(anonymous_9)
FNDA:0,(anonymous_10)
FNDA:0,(anonymous_11)
FNDA:0,(anonymous_12)
FNDA:0,(anonymous_13)
FNDA:0,(anonymous_14)
FNDA:0,(anonymous_15)
FNDA:0,(anonymous_16)
DA:1,0
DA:2,0
DA:3,0
DA:4,0
DA:5,0
DA:6,0
DA:7,0
DA:9,0
DA:42,0
DA:48,0
DA:49,0
DA:57,0
DA:84,0
DA:85,0
DA:88,0
DA:89,0
DA:90,0
DA:94,0
DA:95,0
DA:96,0
DA:99,0
DA:100,0
DA:102,0
DA:103,0
DA:107,0
DA:108,0
DA:109,0
DA:110,0
DA:112,0
DA:116,0
DA:117,0
DA:120,0
DA:121,0
DA:124,0
DA:125,0
DA:163,0
DA:189,0
DA:213,0
DA:248,0
DA:252,0
DA:277,0
DA:298,0
DA:303,0
DA:328,0
DA:333,0
DA:362,0
LF:46
LH:0
BRDA:46,0,0,0
BRDA:60,1,0,0
BRDA:60,1,1,0
BRDA:61,2,0,0
BRDA:61,2,1,0
BRDA:62,3,0,0
BRDA:62,3,1,0
BRDA:63,4,0,0
BRDA:63,4,1,0
BRDA:80,5,0,0
BRDA:80,5,1,0
BRDA:89,6,0,0
BRDA:89,6,1,0
BRDA:96,7,0,0
BRDA:96,7,1,0
BRDA:100,8,0,0
BRDA:100,8,1,0
BRDA:109,9,0,0
BRDA:109,9,1,0
BRDA:124,10,0,0
BRDA:124,10,1,0
BRDA:168,11,0,0
BRDA:168,11,1,0
BRDA:173,12,0,0
BRDA:173,12,1,0
BRDA:193,13,0,0
BRDA:193,13,1,0
BRDA:199,14,0,0
BRDA:199,14,1,0
BRDA:260,15,0,0
BRDA:260,15,1,0
BRDA:312,16,0,0
BRDA:312,16,1,0
BRDA:313,17,0,0
BRDA:313,17,1,0
BRDA:314,18,0,0
BRDA:314,18,1,0
BRDA:342,19,0,0
BRDA:342,19,1,0
BRDA:343,20,0,0
BRDA:343,20,1,0
BRDA:344,21,0,0
BRDA:344,21,1,0
BRDA:345,22,0,0
BRDA:345,22,1,0
BRDA:346,23,0,0
BRDA:346,23,1,0
BRDA:380,24,0,0
BRDA:380,24,1,0
BRDA:387,25,0,0
BRDA:387,25,1,0
BRDA:390,26,0,0
BRDA:390,26,1,0
BRDA:390,27,0,0
BRDA:390,27,1,0
BRDA:395,28,0,0
BRDA:395,28,1,0
BRF:57
BRH:0
end_of_record
TN:
SF:src\components\ProtectedComponent.tsx
FN:28,(anonymous_0)
FN:71,(anonymous_1)
FN:94,(anonymous_2)
FN:104,(anonymous_3)
FN:114,(anonymous_4)
FN:125,(anonymous_5)
FN:139,(anonymous_6)
FN:149,(anonymous_7)
FNF:8
FNH:0
FNDA:0,(anonymous_0)
FNDA:0,(anonymous_1)
FNDA:0,(anonymous_2)
FNDA:0,(anonymous_3)
FNDA:0,(anonymous_4)
FNDA:0,(anonymous_5)
FNDA:0,(anonymous_6)
FNDA:0,(anonymous_7)
DA:1,0
DA:2,0
DA:3,0
DA:28,0
DA:38,0
DA:44,0
DA:47,0
DA:48,0
DA:52,0
DA:53,0
DA:57,0
DA:58,0
DA:62,0
DA:63,0
DA:67,0
DA:68,0
DA:70,0
DA:71,0
DA:72,0
DA:75,0
DA:76,0
DA:82,0
DA:83,0
DA:87,0
DA:91,0
DA:95,0
DA:100,0
DA:105,0
DA:110,0
DA:115,0
DA:120,0
DA:126,0
DA:135,0
DA:140,0
DA:145,0
DA:150,0
LF:36
LH:0
BRDA:32,0,0,0
BRDA:35,1,0,0
BRDA:36,2,0,0
BRDA:47,3,0,0
BRDA:47,3,1,0
BRDA:48,4,0,0
BRDA:48,4,1,0
BRDA:52,5,0,0
BRDA:52,5,1,0
BRDA:52,6,0,0
BRDA:52,6,1,0
BRDA:53,7,0,0
BRDA:53,7,1,0
BRDA:57,8,0,0
BRDA:57,8,1,0
BRDA:57,9,0,0
BRDA:57,9,1,0
BRDA:58,10,0,0
BRDA:58,10,1,0
BRDA:62,11,0,0
BRDA:62,11,1,0
BRDA:62,12,0,0
BRDA:62,12,1,0
BRDA:63,13,0,0
BRDA:63,13,1,0
BRDA:67,14,0,0
BRDA:67,14,1,0
BRDA:68,15,0,0
BRDA:70,16,0,0
BRDA:70,16,1,0
BRDA:70,17,0,0
BRDA:70,17,1,0
BRDA:75,18,0,0
BRDA:75,18,1,0
BRDA:76,19,0,0
BRDA:76,19,1,0
BRDA:82,20,0,0
BRDA:82,20,1,0
BRDA:82,21,0,0
BRDA:82,21,1,0
BRDA:83,22,0,0
BRDA:83,22,1,0
BRF:42
BRH:0
end_of_record
TN:
SF:src\components\ProtectedRoute.tsx
FN:20,(anonymous_0)
FN:36,(anonymous_1)
FN:93,(anonymous_2)
FN:119,(anonymous_3)
FN:126,(anonymous_4)
FNF:5
FNH:0
FNDA:0,(anonymous_0)
FNDA:0,(anonymous_1)
FNDA:0,(anonymous_2)
FNDA:0,(anonymous_3)
FNDA:0,(anonymous_4)
DA:1,0
DA:2,0
DA:3,0
DA:4,0
DA:5,0
DA:6,0
DA:20,0
DA:27,0
DA:28,0
DA:33,0
DA:36,0
DA:38,0
DA:41,0
DA:45,0
DA:46,0
DA:55,0
DA:65,0
DA:66,0
DA:70,0
DA:71,0
DA:75,0
DA:76,0
DA:81,0
DA:82,0
DA:95,0
DA:108,0
DA:109,0
DA:114,0
DA:115,0
DA:119,0
DA:120,0
DA:126,0
DA:136,0
DA:137,0
DA:146,0
DA:147,0
DA:156,0
DA:157,0
DA:166,0
DA:167,0
DA:176,0
DA:183,0
LF:42
LH:0
BRDA:23,0,0,0
BRDA:38,1,0,0
BRDA:38,1,1,0
BRDA:41,2,0,0
BRDA:41,2,1,0
BRDA:41,3,0,0
BRDA:41,3,1,0
BRDA:45,4,0,0
BRDA:45,4,1,0
BRDA:45,5,0,0
BRDA:45,5,1,0
BRDA:56,6,0,0
BRDA:56,6,1,0
BRDA:57,7,0,0
BRDA:57,7,1,0
BRDA:58,8,0,0
BRDA:58,8,1,0
BRDA:59,9,0,0
BRDA:59,9,1,0
BRDA:65,10,0,0
BRDA:65,10,1,0
BRDA:65,11,0,0
BRDA:65,11,1,0
BRDA:65,11,2,0
BRDA:70,12,0,0
BRDA:70,12,1,0
BRDA:70,13,0,0
BRDA:70,13,1,0
BRDA:75,14,0,0
BRDA:75,14,1,0
BRDA:75,15,0,0
BRDA:75,15,1,0
BRDA:75,15,2,0
BRDA:81,16,0,0
BRDA:81,16,1,0
BRDA:81,17,0,0
BRDA:81,17,1,0
BRDA:81,17,2,0
BRDA:81,17,3,0
BRDA:108,18,0,0
BRDA:108,18,1,0
BRDA:108,19,0,0
BRDA:108,19,1,0
BRDA:108,19,2,0
BRDA:114,20,0,0
BRDA:114,20,1,0
BRDA:114,21,0,0
BRDA:114,21,1,0
BRDA:114,21,2,0
BRDA:136,22,0,0
BRDA:136,22,1,0
BRDA:146,23,0,0
BRDA:146,23,1,0
BRDA:156,24,0,0
BRDA:156,24,1,0
BRDA:166,25,0,0
BRDA:166,25,1,0
BRF:57
BRH:0
end_of_record
TN:
SF:src\components\ReportFilters.tsx
FN:18,(anonymous_0)
FN:30,(anonymous_1)
FN:31,(anonymous_2)
FN:43,(anonymous_3)
FN:62,(anonymous_4)
FN:78,(anonymous_5)
FN:82,(anonymous_6)
FN:88,(anonymous_7)
FN:116,(anonymous_8)
FN:149,(anonymous_9)
FN:178,(anonymous_10)
FN:197,(anonymous_11)
FN:209,(anonymous_12)
FN:223,(anonymous_13)
FN:226,(anonymous_14)
FN:251,(anonymous_15)
FN:262,(anonymous_16)
FN:263,(anonymous_17)
FN:270,(anonymous_18)
FN:289,(anonymous_19)
FN:305,(anonymous_20)
FN:310,(anonymous_21)
FN:314,(anonymous_22)
FN:333,(anonymous_23)
FN:344,(anonymous_24)
FN:345,(anonymous_25)
FN:352,(anonymous_26)
FN:369,(anonymous_27)
FN:382,(anonymous_28)
FN:394,(anonymous_29)
FN:407,(anonymous_30)
FN:423,(anonymous_31)
FN:436,(anonymous_32)
FN:441,(anonymous_33)
FN:445,(anonymous_34)
FN:465,(anonymous_35)
FN:478,(anonymous_36)
FN:483,(anonymous_37)
FN:487,(anonymous_38)
FN:505,(anonymous_39)
FN:519,(anonymous_40)
FNF:41
FNH:0
FNDA:0,(anonymous_0)
FNDA:0,(anonymous_1)
FNDA:0,(anonymous_2)
FNDA:0,(anonymous_3)
FNDA:0,(anonymous_4)
FNDA:0,(anonymous_5)
FNDA:0,(anonymous_6)
FNDA:0,(anonymous_7)
FNDA:0,(anonymous_8)
FNDA:0,(anonymous_9)
FNDA:0,(anonymous_10)
FNDA:0,(anonymous_11)
FNDA:0,(anonymous_12)
FNDA:0,(anonymous_13)
FNDA:0,(anonymous_14)
FNDA:0,(anonymous_15)
FNDA:0,(anonymous_16)
FNDA:0,(anonymous_17)
FNDA:0,(anonymous_18)
FNDA:0,(anonymous_19)
FNDA:0,(anonymous_20)
FNDA:0,(anonymous_21)
FNDA:0,(anonymous_22)
FNDA:0,(anonymous_23)
FNDA:0,(anonymous_24)
FNDA:0,(anonymous_25)
FNDA:0,(anonymous_26)
FNDA:0,(anonymous_27)
FNDA:0,(anonymous_28)
FNDA:0,(anonymous_29)
FNDA:0,(anonymous_30)
FNDA:0,(anonymous_31)
FNDA:0,(anonymous_32)
FNDA:0,(anonymous_33)
FNDA:0,(anonymous_34)
FNDA:0,(anonymous_35)
FNDA:0,(anonymous_36)
FNDA:0,(anonymous_37)
FNDA:0,(anonymous_38)
FNDA:0,(anonymous_39)
FNDA:0,(anonymous_40)
DA:1,0
DA:2,0
DA:4,0
DA:18,0
DA:24,0
DA:25,0
DA:26,0
DA:27,0
DA:30,0
DA:31,0
DA:32,0
DA:33,0
DA:35,0
DA:41,0
DA:42,0
DA:43,0
DA:51,0
DA:60,0
DA:61,0
DA:62,0
DA:69,0
DA:71,0
DA:75,0
DA:78,0
DA:79,0
DA:82,0
DA:83,0
DA:88,0
DA:89,0
DA:90,0
DA:92,0
DA:94,0
DA:95,0
DA:97,0
DA:98,0
DA:100,0
DA:101,0
DA:103,0
DA:104,0
DA:106,0
DA:109,0
DA:116,0
DA:117,0
DA:119,0
DA:121,0
DA:122,0
DA:124,0
DA:125,0
DA:127,0
DA:128,0
DA:130,0
DA:131,0
DA:133,0
DA:134,0
DA:136,0
DA:137,0
DA:139,0
DA:140,0
DA:142,0
DA:143,0
DA:146,0
DA:149,0
DA:150,0
DA:151,0
DA:152,0
DA:153,0
DA:154,0
DA:155,0
DA:156,0
DA:157,0
DA:158,0
DA:159,0
DA:162,0
DA:164,0
DA:178,0
DA:197,0
DA:209,0
DA:224,0
DA:226,0
DA:251,0
DA:263,0
DA:264,0
DA:271,0
DA:289,0
DA:306,0
DA:311,0
DA:312,0
DA:314,0
DA:315,0
DA:333,0
DA:345,0
DA:346,0
DA:353,0
DA:369,0
DA:382,0
DA:394,0
DA:407,0
DA:423,0
DA:437,0
DA:442,0
DA:443,0
DA:445,0
DA:446,0
DA:465,0
DA:479,0
DA:484,0
DA:485,0
DA:487,0
DA:488,0
DA:505,0
DA:519,0
DA:542,0
LF:112
LH:0
BRDA:22,0,0,0
BRDA:41,1,0,0
BRDA:41,1,1,0
BRDA:60,2,0,0
BRDA:60,2,1,0
BRDA:64,3,0,0
BRDA:64,3,1,0
BRDA:92,4,0,0
BRDA:92,4,1,0
BRDA:92,4,2,0
BRDA:92,4,3,0
BRDA:92,4,4,0
BRDA:119,5,0,0
BRDA:119,5,1,0
BRDA:119,5,2,0
BRDA:119,5,3,0
BRDA:119,5,4,0
BRDA:119,5,5,0
BRDA:119,5,6,0
BRDA:119,5,7,0
BRDA:151,6,0,0
BRDA:151,6,1,0
BRDA:152,7,0,0
BRDA:152,7,1,0
BRDA:153,8,0,0
BRDA:153,8,1,0
BRDA:154,9,0,0
BRDA:154,9,1,0
BRDA:155,10,0,0
BRDA:155,10,1,0
BRDA:156,11,0,0
BRDA:156,11,1,0
BRDA:157,12,0,0
BRDA:157,12,1,0
BRDA:158,13,0,0
BRDA:158,13,1,0
BRDA:171,14,0,0
BRDA:171,14,1,0
BRDA:173,15,0,0
BRDA:173,15,1,0
BRDA:181,16,0,0
BRDA:181,16,1,0
BRDA:182,17,0,0
BRDA:182,17,1,0
BRDA:228,18,0,0
BRDA:228,18,1,0
BRDA:241,19,0,0
BRDA:241,19,1,0
BRDA:249,20,0,0
BRDA:249,20,1,0
BRDA:261,21,0,0
BRDA:261,21,1,0
BRDA:287,22,0,0
BRDA:287,22,1,0
BRDA:309,23,0,0
BRDA:309,23,1,0
BRDA:311,24,0,0
BRDA:311,24,1,0
BRDA:312,25,0,0
BRDA:312,25,1,0
BRDA:331,26,0,0
BRDA:331,26,1,0
BRDA:343,27,0,0
BRDA:343,27,1,0
BRDA:367,28,0,0
BRDA:367,28,1,0
BRDA:381,29,0,0
BRDA:381,29,1,0
BRDA:382,30,0,0
BRDA:382,30,1,0
BRDA:392,31,0,0
BRDA:392,31,1,0
BRDA:406,32,0,0
BRDA:406,32,1,0
BRDA:407,33,0,0
BRDA:407,33,1,0
BRDA:415,34,0,0
BRDA:415,34,1,0
BRDA:415,34,2,0
BRDA:421,35,0,0
BRDA:421,35,1,0
BRDA:440,36,0,0
BRDA:440,36,1,0
BRDA:442,37,0,0
BRDA:442,37,1,0
BRDA:443,38,0,0
BRDA:443,38,1,0
BRDA:457,39,0,0
BRDA:457,39,1,0
BRDA:457,39,2,0
BRDA:463,40,0,0
BRDA:463,40,1,0
BRDA:482,41,0,0
BRDA:482,41,1,0
BRDA:484,42,0,0
BRDA:484,42,1,0
BRDA:485,43,0,0
BRDA:485,43,1,0
BRDA:504,44,0,0
BRDA:504,44,1,0
BRDA:516,45,0,0
BRDA:516,45,1,0
BRF:102
BRH:0
end_of_record
TN:
SF:src\components\RiscosProcessosFilterSection.tsx
FN:66,(anonymous_0)
FN:99,(anonymous_1)
FN:126,(anonymous_2)
FN:133,(anonymous_3)
FN:139,(anonymous_4)
FN:142,(anonymous_5)
FN:148,(anonymous_6)
FN:155,(anonymous_7)
FN:158,(anonymous_8)
FN:165,(anonymous_9)
FN:188,(anonymous_10)
FN:208,(anonymous_11)
FN:215,(anonymous_12)
FN:218,(anonymous_13)
FN:235,(anonymous_14)
FN:242,(anonymous_15)
FN:245,(anonymous_16)
FN:261,(anonymous_17)
FN:262,(anonymous_18)
FN:279,(anonymous_19)
FN:286,(anonymous_20)
FN:289,(anonymous_21)
FN:293,(anonymous_22)
FN:316,(anonymous_23)
FN:328,(anonymous_24)
FN:338,(anonymous_25)
FN:362,(anonymous_26)
FN:378,(anonymous_27)
FN:382,(anonymous_28)
FN:392,(anonymous_29)
FN:396,(anonymous_30)
FN:406,(anonymous_31)
FN:410,(anonymous_32)
FN:420,(anonymous_33)
FN:424,(anonymous_34)
FN:434,(anonymous_35)
FN:438,(anonymous_36)
FN:448,(anonymous_37)
FN:452,(anonymous_38)
FNF:39
FNH:0
FNDA:0,(anonymous_0)
FNDA:0,(anonymous_1)
FNDA:0,(anonymous_2)
FNDA:0,(anonymous_3)
FNDA:0,(anonymous_4)
FNDA:0,(anonymous_5)
FNDA:0,(anonymous_6)
FNDA:0,(anonymous_7)
FNDA:0,(anonymous_8)
FNDA:0,(anonymous_9)
FNDA:0,(anonymous_10)
FNDA:0,(anonymous_11)
FNDA:0,(anonymous_12)
FNDA:0,(anonymous_13)
FNDA:0,(anonymous_14)
FNDA:0,(anonymous_15)
FNDA:0,(anonymous_16)
FNDA:0,(anonymous_17)
FNDA:0,(anonymous_18)
FNDA:0,(anonymous_19)
FNDA:0,(anonymous_20)
FNDA:0,(anonymous_21)
FNDA:0,(anonymous_22)
FNDA:0,(anonymous_23)
FNDA:0,(anonymous_24)
FNDA:0,(anonymous_25)
FNDA:0,(anonymous_26)
FNDA:0,(anonymous_27)
FNDA:0,(anonymous_28)
FNDA:0,(anonymous_29)
FNDA:0,(anonymous_30)
FNDA:0,(anonymous_31)
FNDA:0,(anonymous_32)
FNDA:0,(anonymous_33)
FNDA:0,(anonymous_34)
FNDA:0,(anonymous_35)
FNDA:0,(anonymous_36)
FNDA:0,(anonymous_37)
FNDA:0,(anonymous_38)
DA:1,0
DA:2,0
DA:3,0
DA:66,0
DA:74,0
DA:75,0
DA:76,0
DA:77,0
DA:78,0
DA:79,0
DA:82,0
DA:83,0
DA:86,0
DA:87,0
DA:88,0
DA:89,0
DA:90,0
DA:91,0
DA:94,0
DA:95,0
DA:96,0
DA:99,0
DA:100,0
DA:101,0
DA:102,0
DA:105,0
DA:117,0
DA:118,0
DA:122,0
DA:125,0
DA:126,0
DA:127,0
DA:128,0
DA:129,0
DA:133,0
DA:139,0
DA:142,0
DA:144,0
DA:147,0
DA:148,0
DA:149,0
DA:150,0
DA:151,0
DA:155,0
DA:158,0
DA:160,0
DA:164,0
DA:165,0
DA:166,0
DA:167,0
DA:168,0
DA:173,0
DA:180,0
DA:181,0
DA:182,0
DA:186,0
DA:188,0
DA:193,0
DA:196,0
DA:203,0
DA:204,0
DA:207,0
DA:208,0
DA:209,0
DA:210,0
DA:211,0
DA:215,0
DA:218,0
DA:220,0
DA:223,0
DA:230,0
DA:231,0
DA:234,0
DA:235,0
DA:236,0
DA:237,0
DA:238,0
DA:242,0
DA:245,0
DA:247,0
DA:250,0
DA:256,0
DA:257,0
DA:260,0
DA:261,0
DA:262,0
DA:267,0
DA:268,0
DA:271,0
DA:272,0
DA:274,0
DA:279,0
DA:280,0
DA:281,0
DA:286,0
DA:287,0
DA:289,0
DA:291,0
DA:293,0
DA:294,0
DA:297,0
DA:299,0
DA:302,0
DA:303,0
DA:307,0
DA:310,0
DA:311,0
DA:316,0
DA:317,0
DA:318,0
DA:319,0
DA:320,0
DA:321,0
DA:322,0
DA:323,0
DA:328,0
DA:329,0
DA:330,0
DA:331,0
DA:332,0
DA:333,0
DA:334,0
DA:338,0
DA:339,0
DA:347,0
DA:348,0
DA:351,0
DA:352,0
DA:362,0
DA:363,0
DA:378,0
DA:383,0
DA:392,0
DA:397,0
DA:406,0
DA:411,0
DA:420,0
DA:425,0
DA:434,0
DA:439,0
DA:448,0
DA:453,0
DA:469,0
DA:470,0
DA:471,0
DA:475,0
DA:498,0
LF:147
LH:0
BRDA:69,0,0,0
BRDA:70,1,0,0
BRDA:117,2,0,0
BRDA:117,2,1,0
BRDA:122,3,0,0
BRDA:122,3,1,0
BRDA:128,4,0,0
BRDA:128,4,1,0
BRDA:128,5,0,0
BRDA:128,5,1,0
BRDA:150,6,0,0
BRDA:150,6,1,0
BRDA:150,7,0,0
BRDA:150,7,1,0
BRDA:167,8,0,0
BRDA:167,8,1,0
BRDA:180,9,0,0
BRDA:180,9,1,0
BRDA:186,10,0,0
BRDA:186,10,1,0
BRDA:188,11,0,0
BRDA:188,11,1,0
BRDA:203,12,0,0
BRDA:203,12,1,0
BRDA:210,13,0,0
BRDA:210,13,1,0
BRDA:210,14,0,0
BRDA:210,14,1,0
BRDA:230,15,0,0
BRDA:230,15,1,0
BRDA:237,16,0,0
BRDA:237,16,1,0
BRDA:237,17,0,0
BRDA:237,17,1,0
BRDA:256,18,0,0
BRDA:256,18,1,0
BRDA:261,19,0,0
BRDA:261,19,1,0
BRDA:261,20,0,0
BRDA:261,20,1,0
BRDA:280,21,0,0
BRDA:280,21,1,0
BRDA:280,22,0,0
BRDA:280,22,1,0
BRDA:287,23,0,0
BRDA:287,23,1,0
BRDA:287,24,0,0
BRDA:287,24,1,0
BRDA:287,24,2,0
BRDA:291,25,0,0
BRDA:291,25,1,0
BRDA:297,26,0,0
BRDA:297,26,1,0
BRDA:297,27,0,0
BRDA:297,27,1,0
BRDA:302,28,0,0
BRDA:302,28,1,0
BRDA:307,29,0,0
BRDA:307,29,1,0
BRDA:317,30,0,0
BRDA:317,30,1,0
BRDA:347,31,0,0
BRDA:347,31,1,0
BRDA:351,32,0,0
BRDA:351,32,1,0
BRDA:363,33,0,0
BRDA:363,33,1,0
BRDA:364,34,0,0
BRDA:364,34,1,0
BRDA:469,35,0,0
BRDA:469,35,1,0
BRDA:470,36,0,0
BRDA:470,36,1,0
BRDA:486,37,0,0
BRDA:486,37,1,0
BRDA:486,37,2,0
BRDA:486,37,3,0
BRDA:486,37,4,0
BRDA:486,37,5,0
BRDA:486,37,6,0
BRDA:490,38,0,0
BRDA:490,38,1,0
BRDA:493,39,0,0
BRDA:493,39,1,0
BRF:84
BRH:0
end_of_record
TN:
SF:src\components\RiscosTooltip.tsx
FN:13,(anonymous_0)
FN:24,(anonymous_1)
FN:28,(anonymous_2)
FN:33,(anonymous_3)
FN:95,(anonymous_4)
FNF:5
FNH:0
FNDA:0,(anonymous_0)
FNDA:0,(anonymous_1)
FNDA:0,(anonymous_2)
FNDA:0,(anonymous_3)
FNDA:0,(anonymous_4)
DA:1,0
DA:13,0
DA:21,0
DA:22,0
DA:24,0
DA:25,0
DA:28,0
DA:29,0
DA:30,0
DA:33,0
DA:34,0
DA:37,0
DA:38,0
DA:49,0
DA:50,0
DA:52,0
DA:96,0
DA:158,0
LF:18
LH:0
BRDA:37,0,0,0
BRDA:37,0,1,0
BRDA:37,1,0,0
BRDA:37,1,1,0
BRDA:37,1,2,0
BRDA:50,2,0,0
BRDA:50,2,1,0
BRDA:62,3,0,0
BRDA:62,3,1,0
BRDA:78,4,0,0
BRDA:78,4,1,0
BRDA:89,5,0,0
BRDA:89,5,1,0
BRDA:89,5,2,0
BRDA:119,6,0,0
BRDA:119,6,1,0
BRDA:120,7,0,0
BRDA:120,7,1,0
BRDA:121,8,0,0
BRDA:121,8,1,0
BRDA:128,9,0,0
BRDA:128,9,1,0
BRDA:128,9,2,0
BRDA:128,9,3,0
BRDA:130,10,0,0
BRDA:130,10,1,0
BRDA:135,11,0,0
BRDA:135,11,1,0
BRDA:140,12,0,0
BRDA:140,12,1,0
BRDA:97,13,0,0
BRDA:97,13,1,0
BRF:32
BRH:0
end_of_record
TN:
SF:src\components\RiskForm.tsx
FN:32,(anonymous_0)
FN:65,(anonymous_1)
FN:74,(anonymous_2)
FN:82,(anonymous_3)
FN:367,(anonymous_4)
FNF:5
FNH:0
FNDA:0,(anonymous_0)
FNDA:0,(anonymous_1)
FNDA:0,(anonymous_2)
FNDA:0,(anonymous_3)
FNDA:0,(anonymous_4)
DA:2,0
DA:3,0
DA:4,0
DA:5,0
DA:6,0
DA:10,0
DA:32,0
DA:43,0
DA:60,0
DA:61,0
DA:62,0
DA:65,0
DA:66,0
DA:67,0
DA:68,0
DA:69,0
DA:70,0
DA:74,0
DA:75,0
DA:76,0
DA:77,0
DA:78,0
DA:79,0
DA:82,0
DA:83,0
DA:85,0
DA:92,0
DA:93,0
DA:95,0
DA:96,0
DA:100,0
DA:367,0
DA:379,0
LF:33
LH:0
BRDA:36,0,0,0
BRDA:46,1,0,0
BRDA:46,1,1,0
BRDA:47,2,0,0
BRDA:47,2,1,0
BRDA:48,3,0,0
BRDA:48,3,1,0
BRDA:49,4,0,0
BRDA:49,4,1,0
BRDA:50,5,0,0
BRDA:50,5,1,0
BRDA:51,6,0,0
BRDA:51,6,1,0
BRDA:52,7,0,0
BRDA:52,7,1,0
BRDA:53,8,0,0
BRDA:53,8,1,0
BRDA:54,9,0,0
BRDA:54,9,1,0
BRDA:55,10,0,0
BRDA:55,10,1,0
BRDA:62,11,0,0
BRDA:62,11,1,0
BRDA:62,12,0,0
BRDA:62,12,1,0
BRDA:66,13,0,0
BRDA:66,13,1,0
BRDA:67,14,0,0
BRDA:67,14,1,0
BRDA:68,15,0,0
BRDA:68,15,1,0
BRDA:69,16,0,0
BRDA:69,16,1,0
BRDA:75,17,0,0
BRDA:75,17,1,0
BRDA:76,18,0,0
BRDA:76,18,1,0
BRDA:77,19,0,0
BRDA:77,19,1,0
BRDA:78,20,0,0
BRDA:78,20,1,0
BRDA:87,21,0,0
BRDA:87,21,1,0
BRDA:88,22,0,0
BRDA:88,22,1,0
BRDA:89,23,0,0
BRDA:89,23,1,0
BRDA:104,24,0,0
BRDA:104,24,1,0
BRDA:122,25,0,0
BRDA:122,25,1,0
BRDA:124,26,0,0
BRDA:124,26,1,0
BRDA:126,27,0,0
BRDA:126,27,1,0
BRDA:144,28,0,0
BRDA:144,28,1,0
BRDA:146,29,0,0
BRDA:146,29,1,0
BRDA:148,30,0,0
BRDA:148,30,1,0
BRDA:166,31,0,0
BRDA:166,31,1,0
BRDA:168,32,0,0
BRDA:168,32,1,0
BRDA:170,33,0,0
BRDA:170,33,1,0
BRDA:186,34,0,0
BRDA:186,34,1,0
BRDA:188,35,0,0
BRDA:188,35,1,0
BRDA:197,36,0,0
BRDA:197,36,1,0
BRDA:217,37,0,0
BRDA:217,37,1,0
BRDA:219,38,0,0
BRDA:219,38,1,0
BRDA:221,39,0,0
BRDA:221,39,1,0
BRDA:239,40,0,0
BRDA:239,40,1,0
BRDA:241,41,0,0
BRDA:241,41,1,0
BRDA:243,42,0,0
BRDA:243,42,1,0
BRDA:279,43,0,0
BRDA:279,43,1,0
BRDA:281,44,0,0
BRDA:281,44,1,0
BRDA:283,45,0,0
BRDA:283,45,1,0
BRDA:301,46,0,0
BRDA:301,46,1,0
BRDA:303,47,0,0
BRDA:303,47,1,0
BRDA:305,48,0,0
BRDA:305,48,1,0
BRDA:323,49,0,0
BRDA:323,49,1,0
BRDA:325,50,0,0
BRDA:325,50,1,0
BRDA:327,51,0,0
BRDA:327,51,1,0
BRDA:344,52,0,0
BRDA:344,52,1,0
BRDA:346,53,0,0
BRDA:346,53,1,0
BRDA:348,54,0,0
BRDA:348,54,1,0
BRDA:359,55,0,0
BRDA:359,55,1,0
BRDA:362,56,0,0
BRDA:362,56,1,0
BRDA:363,57,0,0
BRDA:363,57,1,0
BRDA:367,58,0,0
BRDA:367,58,1,0
BRF:117
BRH:0
end_of_record
TN:
SF:src\components\StatusCards.tsx
FN:12,(anonymous_0)
FNF:1
FNH:0
FNDA:0,(anonymous_0)
DA:2,0
DA:12,0
DA:13,0
DA:63,0
LF:4
LH:0
BRF:0
BRH:0
end_of_record
TN:
SF:src\components\SubcategoriaForm.tsx
FN:13,(anonymous_0)
FN:25,(anonymous_1)
FN:35,(anonymous_2)
FN:42,(anonymous_3)
FN:69,(anonymous_4)
FN:102,(anonymous_5)
FN:103,(anonymous_6)
FN:107,(anonymous_7)
FN:111,(anonymous_8)
FN:114,(anonymous_9)
FN:118,(anonymous_10)
FN:121,(anonymous_11)
FN:126,(anonymous_12)
FN:129,(anonymous_13)
FN:160,(anonymous_14)
FN:167,(anonymous_15)
FN:189,(anonymous_16)
FN:198,(anonymous_17)
FN:221,(anonymous_18)
FN:245,(anonymous_19)
FN:271,(anonymous_20)
FNF:21
FNH:0
FNDA:0,(anonymous_0)
FNDA:0,(anonymous_1)
FNDA:0,(anonymous_2)
FNDA:0,(anonymous_3)
FNDA:0,(anonymous_4)
FNDA:0,(anonymous_5)
FNDA:0,(anonymous_6)
FNDA:0,(anonymous_7)
FNDA:0,(anonymous_8)
FNDA:0,(anonymous_9)
FNDA:0,(anonymous_10)
FNDA:0,(anonymous_11)
FNDA:0,(anonymous_12)
FNDA:0,(anonymous_13)
FNDA:0,(anonymous_14)
FNDA:0,(anonymous_15)
FNDA:0,(anonymous_16)
FNDA:0,(anonymous_17)
FNDA:0,(anonymous_18)
FNDA:0,(anonymous_19)
FNDA:0,(anonymous_20)
DA:1,0
DA:2,0
DA:3,0
DA:5,0
DA:13,0
DA:14,0
DA:15,0
DA:21,0
DA:22,0
DA:23,0
DA:25,0
DA:26,0
DA:27,0
DA:35,0
DA:36,0
DA:37,0
DA:42,0
DA:43,0
DA:45,0
DA:46,0
DA:49,0
DA:50,0
DA:53,0
DA:54,0
DA:55,0
DA:56,0
DA:57,0
DA:58,0
DA:61,0
DA:62,0
DA:65,0
DA:66,0
DA:69,0
DA:70,0
DA:72,0
DA:73,0
DA:74,0
DA:77,0
DA:79,0
DA:82,0
DA:84,0
DA:85,0
DA:88,0
DA:89,0
DA:92,0
DA:93,0
DA:95,0
DA:96,0
DA:98,0
DA:102,0
DA:103,0
DA:106,0
DA:107,0
DA:111,0
DA:112,0
DA:114,0
DA:117,0
DA:118,0
DA:120,0
DA:121,0
DA:126,0
DA:129,0
DA:130,0
DA:133,0
DA:160,0
DA:168,0
DA:189,0
DA:199,0
DA:221,0
DA:245,0
DA:271,0
DA:316,0
LF:72
LH:0
BRDA:26,0,0,0
BRDA:26,0,1,0
BRDA:30,1,0,0
BRDA:30,1,1,0
BRDA:36,2,0,0
BRDA:36,2,1,0
BRDA:45,3,0,0
BRDA:45,3,1,0
BRDA:49,4,0,0
BRDA:49,4,1,0
BRDA:53,5,0,0
BRDA:53,5,1,0
BRDA:55,6,0,0
BRDA:55,6,1,0
BRDA:57,7,0,0
BRDA:57,7,1,0
BRDA:61,8,0,0
BRDA:61,8,1,0
BRDA:61,9,0,0
BRDA:61,9,1,0
BRDA:72,10,0,0
BRDA:72,10,1,0
BRDA:82,11,0,0
BRDA:82,11,1,0
BRDA:106,12,0,0
BRDA:106,12,1,0
BRDA:117,13,0,0
BRDA:117,13,1,0
BRDA:120,14,0,0
BRDA:120,14,1,0
BRDA:130,15,0,0
BRDA:130,15,1,0
BRDA:139,16,0,0
BRDA:139,16,1,0
BRDA:162,17,0,0
BRDA:162,17,1,0
BRDA:173,18,0,0
BRDA:173,18,1,0
BRDA:191,19,0,0
BRDA:191,19,1,0
BRDA:193,20,0,0
BRDA:193,20,1,0
BRDA:196,21,0,0
BRDA:196,21,1,0
BRDA:204,22,0,0
BRDA:204,22,1,0
BRDA:223,23,0,0
BRDA:223,23,1,0
BRDA:229,24,0,0
BRDA:229,24,1,0
BRDA:248,25,0,0
BRDA:248,25,1,0
BRDA:254,26,0,0
BRDA:254,26,1,0
BRDA:295,27,0,0
BRDA:295,27,1,0
BRDA:297,28,0,0
BRDA:297,28,1,0
BRDA:305,29,0,0
BRDA:305,29,1,0
BRF:60
BRH:0
end_of_record
TN:
SF:src\components\TableRiscosTooltip.tsx
FN:12,(anonymous_0)
FN:21,(anonymous_1)
FN:48,(anonymous_2)
FN:53,(anonymous_3)
FN:98,(anonymous_4)
FNF:5
FNH:0
FNDA:0,(anonymous_0)
FNDA:0,(anonymous_1)
FNDA:0,(anonymous_2)
FNDA:0,(anonymous_3)
FNDA:0,(anonymous_4)
DA:1,0
DA:2,0
DA:12,0
DA:18,0
DA:19,0
DA:21,0
DA:22,0
DA:23,0
DA:24,0
DA:25,0
DA:26,0
DA:28,0
DA:29,0
DA:32,0
DA:33,0
DA:37,0
DA:38,0
DA:42,0
DA:43,0
DA:45,0
DA:48,0
DA:49,0
DA:50,0
DA:53,0
DA:54,0
DA:57,0
DA:99,0
DA:161,0
LF:28
LH:0
BRDA:32,0,0,0
BRDA:32,0,1,0
BRDA:37,1,0,0
BRDA:37,1,1,0
BRDA:68,2,0,0
BRDA:68,2,1,0
BRDA:68,2,2,0
BRDA:68,2,3,0
BRDA:82,3,0,0
BRDA:82,3,1,0
BRDA:122,4,0,0
BRDA:122,4,1,0
BRDA:123,5,0,0
BRDA:123,5,1,0
BRDA:124,6,0,0
BRDA:124,6,1,0
BRDA:131,7,0,0
BRDA:131,7,1,0
BRDA:131,7,2,0
BRDA:131,7,3,0
BRDA:133,8,0,0
BRDA:133,8,1,0
BRDA:138,9,0,0
BRDA:138,9,1,0
BRDA:143,10,0,0
BRDA:143,10,1,0
BRDA:100,11,0,0
BRDA:100,11,1,0
BRF:28
BRH:0
end_of_record
TN:
SF:src\components\UserForm.tsx
FN:18,(anonymous_0)
FN:36,(anonymous_1)
FN:54,(anonymous_2)
FN:83,(anonymous_3)
FN:87,(anonymous_4)
FN:104,(anonymous_5)
FN:143,(anonymous_6)
FN:167,(anonymous_7)
FN:192,(anonymous_8)
FN:228,(anonymous_9)
FN:237,(anonymous_10)
FN:262,(anonymous_11)
FN:268,(anonymous_12)
FN:283,(anonymous_13)
FNF:14
FNH:0
FNDA:0,(anonymous_0)
FNDA:0,(anonymous_1)
FNDA:0,(anonymous_2)
FNDA:0,(anonymous_3)
FNDA:0,(anonymous_4)
FNDA:0,(anonymous_5)
FNDA:0,(anonymous_6)
FNDA:0,(anonymous_7)
FNDA:0,(anonymous_8)
FNDA:0,(anonymous_9)
FNDA:0,(anonymous_10)
FNDA:0,(anonymous_11)
FNDA:0,(anonymous_12)
FNDA:0,(anonymous_13)
[...]
DA:142,0
DA:146,0
DA:148,0
DA:159,0
DA:170,0
DA:172,0
DA:178,0
DA:179,0
DA:182,0
DA:184,0
DA:189,0
DA:190,0
DA:193,0
DA:197,0
DA:199,0
DA:208,0
DA:209,0
DA:212,0
DA:215,0
DA:222,0
DA:224,0
DA:226,0
DA:228,0
DA:237,0
DA:238,0
DA:241,0
DA:244,0
DA:246,0
DA:249,0
DA:253,0
DA:254,0
DA:257,0
DA:260,0
DA:263,0
DA:264,0
DA:265,0
DA:266,0
DA:270,0
DA:274,0
DA:275,0
DA:281,0
DA:282,0
DA:285,0
DA:288,0
LF:78
LH:0
BRDA:35,0,0,0
BRDA:42,1,0,0
BRDA:42,1,1,0
BRDA:50,2,0,0
BRDA:50,2,1,0
BRDA:50,3,0,0
BRDA:50,3,1,0
BRDA:66,4,0,0
BRDA:66,4,1,0
BRDA:68,5,0,0
BRDA:68,5,1,0
BRDA:72,6,0,0
BRDA:72,6,1,0
BRDA:72,6,2,0
BRDA:73,7,0,0
BRDA:73,7,1,0
BRDA:94,8,0,0
BRDA:94,8,1,0
BRDA:98,9,0,0
BRDA:98,9,1,0
BRDA:98,9,2,0
BRDA:99,10,0,0
BRDA:99,10,1,0
BRDA:123,11,0,0
BRDA:123,11,1,0
BRDA:136,12,0,0
BRDA:136,12,1,0
BRDA:138,13,0,0
BRDA:138,13,1,0
BRDA:146,14,0,0
BRDA:146,14,1,0
BRDA:149,15,0,0
BRDA:149,15,1,0
BRDA:150,16,0,0
BRDA:150,16,1,0
BRDA:150,16,2,0
BRDA:151,17,0,0
BRDA:151,17,1,0
BRDA:178,18,0,0
BRDA:178,18,1,0
BRDA:178,19,0,0
BRDA:178,19,1,0
BRDA:182,20,0,0
BRDA:182,20,1,0
BRDA:189,21,0,0
BRDA:189,21,1,0
BRDA:203,22,0,0
BRDA:203,22,1,0
BRDA:208,23,0,0
BRDA:208,23,1,0
BRDA:217,24,0,0
BRDA:217,24,1,0
BRDA:238,25,0,0
BRDA:238,25,1,0
BRDA:238,26,0,0
BRDA:238,26,1,0
BRDA:241,27,0,0
BRDA:241,27,1,0
BRDA:241,28,0,0
BRDA:241,28,1,0
BRDA:244,29,0,0
BRDA:244,29,1,0
BRDA:244,30,0,0
BRDA:244,30,1,0
BRDA:254,31,0,0
BRDA:254,31,1,0
BRDA:257,32,0,0
BRDA:257,32,1,0
BRDA:257,33,0,0
BRDA:257,33,1,0
BRDA:260,34,0,0
BRDA:260,34,1,0
BRDA:263,35,0,0
BRDA:263,35,1,0
BRDA:263,36,0,0
BRDA:263,36,1,0
BRDA:265,37,0,0
BRDA:265,37,1,0
BRDA:265,38,0,0
BRDA:265,38,1,0
BRDA:275,39,0,0
BRDA:275,39,1,0
BRDA:275,39,2,0
BRDA:282,40,0,0
BRDA:282,40,1,0
BRDA:285,41,0,0
BRDA:285,41,1,0
BRDA:285,42,0,0
BRDA:285,42,1,0
BRF:89
BRH:0
end_of_record
TN:
SF:src\store\auth\index.ts
FN:62,(anonymous_0)
FN:92,(anonymous_1)
FN:117,(anonymous_2)
FN:145,(anonymous_3)
FN:161,(anonymous_4)
FN:182,(anonymous_5)
FN:191,(anonymous_6)
FN:224,(anonymous_7)
FN:231,(anonymous_8)
FN:238,(anonymous_9)
FN:239,(anonymous_10)
FN:240,(anonymous_11)
FN:241,(anonymous_12)
FNF:13
FNH:0
FNDA:0,(anonymous_0)
FNDA:0,(anonymous_1)
FNDA:0,(anonymous_2)
FNDA:0,(anonymous_3)
FNDA:0,(anonymous_4)
FNDA:0,(anonymous_5)
FNDA:0,(anonymous_6)
FNDA:0,(anonymous_7)
FNDA:0,(anonymous_8)
FNDA:0,(anonymous_9)
FNDA:0,(anonymous_10)
FNDA:0,(anonymous_11)
FNDA:0,(anonymous_12)
DA:4,0
DA:5,0
DA:6,0
DA:7,0
DA:62,0
DA:63,0
DA:64,0
DA:65,0
DA:66,0
DA:68,0
DA:93,0
DA:94,0
DA:96,0
DA:97,0
DA:99,0
DA:100,0
DA:101,0
DA:105,0
DA:107,0
DA:109,0
DA:110,0
DA:111,0
DA:113,0
DA:118,0
DA:119,0
DA:121,0
DA:124,0
DA:130,0
DA:131,0
DA:133,0
DA:134,0
DA:135,0
DA:141,0
DA:146,0
DA:148,0
DA:149,0
DA:150,0
DA:151,0
DA:152,0
DA:154,0
DA:155,0
DA:157,0
DA:162,0
DA:164,0
DA:165,0
DA:168,0
DA:169,0
DA:173,0
DA:175,0
DA:176,0
DA:178,0
DA:183,0
DA:184,0
DA:186,0
DA:187,0
DA:192,0
DA:193,0
DA:195,0
DA:196,0
DA:198,0
DA:200,0
DA:203,0
DA:205,0
DA:206,0
DA:207,0
DA:225,0
DA:226,0
DA:227,0
DA:228,0
DA:232,0
DA:238,0
DA:239,0
DA:240,0
DA:241,0
LF:74
LH:0
BRDA:99,0,0,0
BRDA:99,0,1,0
BRDA:109,1,0,0
BRDA:109,1,1,0
BRDA:133,2,0,0
BRDA:133,2,1,0
BRDA:154,3,0,0
BRDA:154,3,1,0
BRDA:168,4,0,0
BRDA:168,4,1,0
BRDA:175,5,0,0
BRDA:175,5,1,0
BRDA:186,6,0,0
BRDA:186,6,1,0
BRDA:195,7,0,0
BRDA:195,7,1,0
BRDA:200,8,0,0
BRDA:200,8,1,0
BRDA:205,9,0,0
BRDA:205,9,1,0
BRF:20
BRH:0
end_of_record
TN:
SF:src\types\action.ts
FN:5,(anonymous_0)
FN:11,(anonymous_1)
FN:17,(anonymous_2)
FN:225,(anonymous_3)
FN:238,(anonymous_4)
FN:249,(anonymous_5)
FN:256,(anonymous_6)
FN:265,(anonymous_7)
FN:272,(anonymous_8)
FN:286,(anonymous_9)
FN:290,(anonymous_10)
FN:297,(anonymous_11)
FNF:12
FNH:5
FNDA:5,(anonymous_0)
FNDA:5,(anonymous_1)
FNDA:5,(anonymous_2)
FNDA:1280,(anonymous_3)
FNDA:0,(anonymous_4)
FNDA:0,(anonymous_5)
FNDA:320,(anonymous_6)
FNDA:0,(anonymous_7)
FNDA:0,(anonymous_8)
FNDA:0,(anonymous_9)
FNDA:0,(anonymous_10)
FNDA:0,(anonymous_11)
DA:5,5
DA:6,5
DA:7,5
DA:8,5
DA:11,5
DA:12,5
DA:13,5
DA:14,5
DA:17,5
DA:18,5
DA:19,5
DA:207,5
DA:213,5
DA:219,5
DA:225,5
DA:226,1280
DA:228,0
DA:230,240
DA:232,0
DA:234,1040
DA:238,5
DA:239,0
DA:241,0
DA:243,0
DA:245,0
DA:249,5
DA:250,0
DA:251,0
DA:252,0
DA:253,0
DA:256,5
DA:257,320
DA:259,320
DA:260,320
DA:262,320
DA:265,5
DA:266,0
DA:267,0
DA:268,0
DA:269,0
DA:272,5
DA:273,0
DA:274,0
DA:277,0
DA:278,0
DA:279,0
DA:280,0
DA:283,0
DA:286,5
DA:287,0
DA:290,5
DA:291,0
DA:293,0
DA:294,0
DA:297,5
DA:298,0
DA:300,0
DA:302,0
DA:304,0
DA:306,0
LF:60
LH:30
BRDA:5,0,0,5
BRDA:5,0,1,5
BRDA:11,1,0,5
BRDA:11,1,1,5
BRDA:17,2,0,5
BRDA:17,2,1,5
BRDA:226,3,0,0
BRDA:226,3,1,240
BRDA:226,3,2,0
BRDA:226,3,3,1040
BRDA:239,4,0,0
BRDA:239,4,1,0
BRDA:239,4,2,0
BRDA:250,5,0,0
BRDA:250,5,1,0
BRDA:251,6,0,0
BRDA:251,6,1,0
BRDA:252,7,0,0
BRDA:252,7,1,0
BRDA:257,8,0,0
BRDA:257,8,1,320
BRDA:262,9,0,320
BRDA:262,9,1,320
BRDA:273,10,0,0
BRDA:273,10,1,0
BRDA:277,11,0,0
BRDA:277,11,1,0
BRDA:279,12,0,0
BRDA:279,12,1,0
BRDA:280,13,0,0
BRDA:280,13,1,0
BRDA:287,14,0,0
BRDA:287,14,1,0
BRDA:291,15,0,0
BRDA:291,15,1,0
BRDA:298,16,0,0
BRDA:298,16,1,0
BRDA:298,16,2,0
BRDA:298,16,3,0
BRF:39
BRH:11
end_of_record
TN:
SF:src\types\config.ts
FNF:0
FNH:0
DA:259,0
DA:264,0
DA:269,0
LF:3
LH:0
BRF:0
BRH:0
end_of_record
TN:
SF:src\types\hierarchicalSeverity.ts
FN:1,(anonymous_0)
FN:8,(anonymous_1)
FNF:2
FNH:2
FNDA:1,(anonymous_0)
FNDA:1,(anonymous_1)
DA:1,1
DA:2,1
DA:3,1
DA:4,1
DA:5,1
DA:8,1
DA:9,1
DA:10,1
DA:11,1
DA:12,1
DA:13,1
LF:11
LH:11
BRDA:1,0,0,1
BRDA:1,0,1,1
BRDA:8,1,0,1
BRDA:8,1,1,1
BRF:4
BRH:4
end_of_record
TN:
SF:src\types\index.ts
FNF:0
FNH:0
DA:1,1
DA:2,1
DA:3,1
DA:4,1
DA:5,1
DA:6,1
DA:7,1
DA:9,1
DA:10,1
LF:9
LH:9
BRF:0
BRH:0
end_of_record
TN:
SF:src\types\indicator.ts
FN:5,(anonymous_0)
FN:11,(anonymous_1)
FN:16,(anonymous_2)
FN:140,(anonymous_3)
FN:153,(anonymous_4)
FNF:5
FNH:3
FNDA:2,(anonymous_0)
FNDA:2,(anonymous_1)
FNDA:2,(anonymous_2)
FNDA:0,(anonymous_3)
FNDA:0,(anonymous_4)
DA:5,2
DA:6,2
DA:7,2
DA:8,2
DA:11,2
DA:12,2
DA:13,2
DA:16,2
DA:17,2
DA:18,2
DA:19,2
DA:122,2
DA:128,2
DA:133,2
DA:140,2
DA:141,0
DA:143,0
DA:145,0
DA:147,0
DA:149,0
DA:153,2
DA:154,0
DA:156,0
DA:158,0
DA:160,0
DA:216,2
LF:26
LH:17
BRDA:5,0,0,2
BRDA:5,0,1,2
BRDA:11,1,0,2
BRDA:11,1,1,2
BRDA:16,2,0,2
BRDA:16,2,1,2
BRDA:141,3,0,0
BRDA:141,3,1,0
BRDA:141,3,2,0
BRDA:141,3,3,0
BRDA:154,4,0,0
BRDA:154,4,1,0
BRDA:154,4,2,0
BRF:13
BRH:6
end_of_record
TN:
SF:src\types\notification.ts
FN:4,(anonymous_0)
FNF:1
FNH:1
FNDA:1,(anonymous_0)
DA:4,1
DA:5,1
DA:6,1
DA:7,1
DA:8,1
LF:5
LH:5
BRDA:4,0,0,1
BRDA:4,0,1,1
BRF:2
BRH:2
end_of_record
TN:
SF:src\types\process.ts
FNF:0
FNH:0
DA:212,1
DA:217,1
LF:2
LH:2
BRF:0
BRH:0
end_of_record
TN:
SF:src\types\profile.ts
FNF:0
FNH:0
DA:62,0
DA:75,0
DA:77,0
LF:3
LH:0
BRF:0
BRH:0
end_of_record
TN:
SF:src\types\report.ts
FNF:0
FNH:0
DA:130,1
DA:187,1
LF:2
LH:2
BRF:0
BRH:0
end_of_record
TN:
SF:src\utils\riskUtils.ts
FN:6,(anonymous_0)
FN:21,(anonymous_1)
FN:41,(anonymous_2)
FN:48,(anonymous_3)
FN:59,(anonymous_4)
FNF:5
FNH:5
FNDA:6,(anonymous_0)
FNDA:6,(anonymous_1)
FNDA:7,(anonymous_2)
FNDA:21,(anonymous_3)
FNDA:13,(anonymous_4)
DA:6,1
DA:7,6
DA:15,6
DA:21,1
DA:22,6
DA:24,1
DA:26,1
DA:28,1
DA:30,1
DA:32,1
DA:34,1
DA:41,1
DA:42,7
DA:48,1
DA:49,21
DA:50,18
DA:51,14
DA:52,9
DA:53,4
DA:59,1
DA:60,13
DA:61,11
DA:62,9
DA:63,6
DA:64,3
LF:25
LH:25
BRDA:15,0,0,6
BRDA:15,0,1,1
BRDA:22,1,0,1
BRDA:22,1,1,1
BRDA:22,1,2,1
BRDA:22,1,3,1
BRDA:22,1,4,1
BRDA:22,1,5,1
BRDA:49,2,0,3
BRDA:49,2,1,18
BRDA:50,3,0,4
BRDA:50,3,1,14
BRDA:51,4,0,5
BRDA:51,4,1,9
BRDA:52,5,0,5
BRDA:52,5,1,4
BRDA:60,6,0,2
BRDA:60,6,1,11
BRDA:61,7,0,2
BRDA:61,7,1,9
BRDA:62,8,0,3
BRDA:62,8,1,6
BRDA:63,9,0,3
BRDA:63,9,1,3
BRF:24
BRH:24
end_of_record
TN:
SF:src\utils\severityUtils.ts
FN:12,(anonymous_1)
FN:21,(anonymous_2)
FN:33,(anonymous_3)
FN:44,(anonymous_4)
FN:55,(anonymous_5)
FN:66,(anonymous_6)
FN:93,(anonymous_7)
FN:131,mapSeverityToCategory
FN:144,getSeverityColor
FN:162,getSeverityWeight
FN:180,validateSeverityValue
FN:197,normalizeSeverity
FN:214,getNodeSize
FN:232,getSeverityTailwindClasses
FN:256,getNodeDimensions
FN:285,getGradientId
FN:294,ensureStringNodeId
FN:303,getAllGradients
FN:329,(anonymous_19)
FN:351,getNodeGradients
FN:398,getTextColor
FN:411,getSeverityIcon
FN:455,formatSeverityDisplay
FN:479,getNodeBorderStyle
FN:498,calculateNodeSpacing
FN:522,getHierarchyLevelStyle
FNF:26
FNH:0
FNDA:0,(anonymous_1)
FNDA:0,(anonymous_2)
FNDA:0,(anonymous_3)
FNDA:0,(anonymous_4)
FNDA:0,(anonymous_5)
FNDA:0,(anonymous_6)
FNDA:0,(anonymous_7)
FNDA:0,mapSeverityToCategory
FNDA:0,getSeverityColor
FNDA:0,getSeverityWeight
FNDA:0,validateSeverityValue
FNDA:0,normalizeSeverity
FNDA:0,getNodeSize
FNDA:0,getSeverityTailwindClasses
FNDA:0,getNodeDimensions
FNDA:0,getGradientId
FNDA:0,ensureStringNodeId
FNDA:0,getAllGradients
FNDA:0,(anonymous_19)
FNDA:0,getNodeGradients
FNDA:0,getTextColor
FNDA:0,getSeverityIcon
FNDA:0,formatSeverityDisplay
FNDA:0,getNodeBorderStyle
FNDA:0,calculateNodeSpacing
FNDA:0,getHierarchyLevelStyle
DA:1,0
DA:12,0
DA:13,0
DA:14,0
DA:21,0
DA:22,0
DA:23,0
DA:24,0
DA:25,0
DA:26,0
DA:33,0
DA:34,0
DA:35,0
DA:36,0
DA:37,0
DA:44,0
DA:45,0
DA:46,0
DA:47,0
DA:48,0
DA:55,0
DA:56,0
DA:57,0
DA:58,0
DA:59,0
DA:66,0
DA:68,0
DA:69,0
DA:70,0
DA:73,0
DA:74,0
DA:75,0
DA:78,0
DA:79,0
DA:82,0
DA:86,0
DA:93,0
DA:94,0
DA:102,0
DA:109,0
DA:116,0
DA:131,0
DA:132,0
DA:133,0
DA:134,0
DA:135,0
DA:144,0
DA:145,0
DA:146,0
DA:147,0
DA:150,0
DA:151,0
DA:154,0
DA:162,0
DA:163,0
DA:164,0
DA:165,0
DA:168,0
DA:169,0
DA:172,0
DA:180,0
DA:181,0
DA:182,0
DA:185,0
DA:186,0
DA:189,0
DA:197,0
DA:198,0
DA:199,0
DA:202,0
DA:203,0
DA:206,0
DA:214,0
DA:215,0
DA:217,0
DA:218,0
DA:219,0
DA:220,0
DA:221,0
DA:222,0
DA:232,0
DA:233,0
DA:234,0
DA:235,0
DA:236,0
DA:237,0
DA:240,0
DA:241,0
DA:242,0
DA:243,0
DA:244,0
DA:245,0
DA:246,0
DA:256,0
DA:257,0
DA:260,0
DA:267,0
DA:270,0
DA:272,0
DA:285,0
DA:286,0
DA:287,0
DA:288,0
DA:295,0
DA:303,0
DA:304,0
DA:327,0
DA:329,0
DA:330,0
DA:342,0
DA:351,0
DA:352,0
DA:353,0
DA:354,0
DA:356,0
DA:379,0
DA:381,0
DA:398,0
DA:399,0
DA:402,0
DA:403,0
DA:411,0
DA:412,0
DA:414,0
DA:447,0
DA:455,0
DA:456,0
DA:457,0
DA:458,0
DA:464,0
DA:467,0
DA:468,0
DA:471,0
DA:479,0
DA:480,0
DA:482,0
DA:489,0
DA:498,0
DA:504,0
DA:505,0
DA:506,0
DA:507,0
DA:509,0
DA:522,0
DA:528,0
DA:529,0
DA:537,0
DA:538,0
DA:546,0
LF:149
LH:0
BRDA:22,0,0,0
BRDA:22,0,1,0
BRDA:22,1,0,0
BRDA:22,1,1,0
BRDA:23,2,0,0
BRDA:23,2,1,0
BRDA:23,3,0,0
BRDA:23,3,1,0
BRDA:24,4,0,0
BRDA:24,4,1,0
BRDA:24,5,0,0
BRDA:24,5,1,0
BRDA:25,6,0,0
BRDA:25,6,1,0
BRDA:25,7,0,0
BRDA:25,7,1,0
BRDA:34,8,0,0
BRDA:34,8,1,0
BRDA:35,9,0,0
BRDA:35,9,1,0
BRDA:36,10,0,0
BRDA:36,10,1,0
BRDA:45,11,0,0
BRDA:45,11,1,0
BRDA:46,12,0,0
BRDA:46,12,1,0
BRDA:47,13,0,0
BRDA:47,13,1,0
BRDA:56,14,0,0
BRDA:56,14,1,0
BRDA:57,15,0,0
BRDA:57,15,1,0
BRDA:57,16,0,0
BRDA:57,16,1,0
BRDA:58,17,0,0
BRDA:58,17,1,0
BRDA:58,18,0,0
BRDA:58,18,1,0
BRDA:73,19,0,0
BRDA:73,19,1,0
BRDA:73,20,0,0
BRDA:73,20,1,0
BRDA:79,21,0,0
BRDA:79,21,1,0
BRDA:94,22,0,0
BRDA:94,22,1,0
BRDA:94,22,2,0
BRDA:94,22,3,0
BRDA:94,22,4,0
BRDA:132,23,0,0
BRDA:132,23,1,0
BRDA:133,24,0,0
BRDA:133,24,1,0
BRDA:133,25,0,0
BRDA:133,25,1,0
BRDA:134,26,0,0
BRDA:134,26,1,0
BRDA:134,27,0,0
BRDA:134,27,1,0
BRDA:145,28,0,0
BRDA:145,28,1,0
BRDA:150,29,0,0
BRDA:150,29,1,0
BRDA:150,30,0,0
BRDA:150,30,1,0
BRDA:163,31,0,0
BRDA:163,31,1,0
BRDA:168,32,0,0
BRDA:168,32,1,0
BRDA:168,33,0,0
BRDA:168,33,1,0
BRDA:181,34,0,0
BRDA:181,34,1,0
BRDA:182,35,0,0
BRDA:182,35,1,0
BRDA:185,36,0,0
BRDA:185,36,1,0
BRDA:198,37,0,0
BRDA:198,37,1,0
BRDA:202,38,0,0
BRDA:202,38,1,0
BRDA:202,39,0,0
BRDA:202,39,1,0
BRDA:217,40,0,0
BRDA:217,40,1,0
BRDA:217,40,2,0
BRDA:217,40,3,0
BRDA:217,40,4,0
BRDA:233,41,0,0
BRDA:233,41,1,0
BRDA:234,42,0,0
BRDA:234,42,1,0
BRDA:235,43,0,0
BRDA:235,43,1,0
BRDA:236,44,0,0
BRDA:236,44,1,0
BRDA:241,45,0,0
BRDA:241,45,1,0
BRDA:241,45,2,0
BRDA:241,45,3,0
BRDA:241,45,4,0
BRDA:270,46,0,0
BRDA:270,46,1,0
BRDA:270,47,0,0
BRDA:270,47,1,0
BRDA:285,48,0,0
BRDA:287,49,0,0
BRDA:287,49,1,0
BRDA:288,50,0,0
BRDA:288,50,1,0
BRDA:295,51,0,0
BRDA:295,51,1,0
BRDA:379,52,0,0
BRDA:379,52,1,0
BRDA:403,53,0,0
BRDA:403,53,1,0
BRDA:456,54,0,0
BRDA:456,54,1,0
BRDA:467,55,0,0
BRDA:467,55,1,0
BRDA:528,56,0,0
BRDA:528,56,1,0
BRDA:528,57,0,0
BRDA:528,57,1,0
BRDA:537,58,0,0
BRDA:537,58,1,0
BRF:126
BRH:0
end_of_record
TN:
SF:src\utils\treeDataTransform.ts
FN:9,transformHierarchyToTreeData
FN:20,transformPortfolioHierarchyData
FN:25,(anonymous_2)
FN:28,(anonymous_3)
FN:30,(anonymous_4)
FN:69,getSeverityNumericValue
FN:85,mapPortfolioNodeRecursively
FN:111,(anonymous_7)
FN:125,calculatePercentual
FN:137,mapNodeRecursively
FN:163,(anonymous_10)
FN:177,mapNodeProperties
FN:200,(anonymous_12)
FN:213,calculateNodeMetrics
FN:235,(anonymous_14)
FN:243,(anonymous_15)
FN:251,(anonymous_16)
FN:254,(anonymous_17)
FN:270,validateTreeStructure
FN:278,validateNodeRecursively
FN:315,(anonymous_20)
FN:336,createRootedTree
FN:337,(anonymous_22)
FN:340,(anonymous_23)
FN:342,(anonymous_24)
FN:369,filterTreeData
FN:375,(anonymous_26)
FN:376,(anonymous_27)
FN:395,findNodeByName
FN:417,flattenTree
FN:421,(anonymous_30)
FN:436,createTreeFromPortfolioData
FN:457,getTreeSummary
FN:469,(anonymous_33)
FN:499,updateNodeExpansionState
FN:500,(anonymous_35)
FN:511,(anonymous_36)
FN:525,extractExpandedNodeIds
FN:528,(anonymous_38)
FN:536,(anonymous_39)
FNF:40
FNH:0
FNDA:0,transformHierarchyToTreeData
FNDA:0,transformPortfolioHierarchyData
FNDA:0,(anonymous_2)
FNDA:0,(anonymous_3)
FNDA:0,(anonymous_4)
FNDA:0,getSeverityNumericValue
FNDA:0,mapPortfolioNodeRecursively
FNDA:0,(anonymous_7)
FNDA:0,calculatePercentual
FNDA:0,mapNodeRecursively
FNDA:0,(anonymous_10)
FNDA:0,mapNodeProperties
FNDA:0,(anonymous_12)
FNDA:0,calculateNodeMetrics
FNDA:0,(anonymous_14)
FNDA:0,(anonymous_15)
FNDA:0,(anonymous_16)
FNDA:0,(anonymous_17)
FNDA:0,validateTreeStructure
FNDA:0,validateNodeRecursively
FNDA:0,(anonymous_20)
FNDA:0,createRootedTree
FNDA:0,(anonymous_22)
FNDA:0,(anonymous_23)
FNDA:0,(anonymous_24)
FNDA:0,filterTreeData
FNDA:0,(anonymous_26)
FNDA:0,(anonymous_27)
FNDA:0,findNodeByName
FNDA:0,flattenTree
FNDA:0,(anonymous_30)
FNDA:0,createTreeFromPortfolioData
FNDA:0,getTreeSummary
FNDA:0,(anonymous_33)
FNDA:0,updateNodeExpansionState
FNDA:0,(anonymous_35)
FNDA:0,(anonymous_36)
FNDA:0,extractExpandedNodeIds
FNDA:0,(anonymous_38)
FNDA:0,(anonymous_39)
DA:2,0
DA:9,0
DA:10,0
DA:20,0
DA:25,0
DA:28,0
DA:29,0
DA:31,0
DA:34,0
DA:38,0
DA:41,0
DA:42,0
DA:48,0
DA:70,0
DA:71,0
DA:72,0
DA:73,0
DA:74,0
DA:75,0
DA:86,0
DA:87,0
DA:89,0
DA:110,0
DA:111,0
DA:112,0
DA:116,0
DA:127,0
DA:128,0
DA:138,0
DA:139,0
DA:141,0
DA:162,0
DA:163,0
DA:164,0
DA:168,0
DA:177,0
DA:181,0
DA:182,0
DA:184,0
DA:201,0
DA:202,0
DA:213,0
DA:214,0
DA:228,0
DA:229,0
DA:230,0
DA:234,0
DA:235,0
DA:236,0
DA:238,0
DA:239,0
DA:240,0
DA:243,0
DA:244,0
DA:245,0
DA:251,0
DA:252,0
DA:253,0
DA:254,0
DA:255,0
DA:256,0
DA:259,0
DA:262,0
DA:270,0
DA:275,0
DA:276,0
DA:279,0
DA:282,0
DA:283,0
DA:287,0
DA:288,0
DA:290,0
DA:291,0
DA:293,0
DA:297,0
DA:298,0
DA:301,0
DA:302,0
DA:306,0
DA:307,0
DA:309,0
DA:314,0
DA:315,0
DA:316,0
DA:321,0
DA:323,0
DA:336,0
DA:337,0
DA:340,0
DA:341,0
DA:342,0
DA:345,0
DA:369,0
DA:374,0
DA:375,0
DA:376,0
DA:379,0
DA:380,0
DA:386,0
DA:395,0
DA:396,0
DA:397,0
DA:400,0
DA:401,0
DA:402,0
DA:403,0
DA:404,0
DA:409,0
DA:417,0
DA:418,0
DA:420,0
DA:421,0
DA:422,0
DA:426,0
DA:436,0
DA:444,0
DA:447,0
DA:449,0
DA:457,0
DA:463,0
DA:465,0
DA:466,0
DA:467,0
DA:469,0
DA:471,0
DA:472,0
DA:476,0
DA:477,0
DA:481,0
DA:482,0
DA:485,0
DA:499,0
DA:500,0
DA:501,0
DA:502,0
DA:504,0
DA:510,0
DA:511,0
DA:514,0
DA:517,0
DA:525,0
DA:526,0
DA:528,0
DA:529,0
DA:530,0
DA:531,0
DA:535,0
DA:536,0
DA:540,0
DA:541,0
LF:150
LH:0
BRDA:22,0,0,0
BRDA:28,1,0,0
BRDA:28,1,1,0
BRDA:29,2,0,0
BRDA:29,2,1,0
BRDA:31,3,0,0
BRDA:31,3,1,0
BRDA:41,4,0,0
BRDA:41,4,1,0
BRDA:42,5,0,0
BRDA:42,5,1,0
BRDA:70,6,0,0
BRDA:70,6,1,0
BRDA:70,6,2,0
BRDA:70,6,3,0
BRDA:70,6,4,0
BRDA:110,7,0,0
BRDA:110,7,1,0
BRDA:110,8,0,0
BRDA:110,8,1,0
BRDA:162,9,0,0
BRDA:162,9,1,0
BRDA:162,10,0,0
BRDA:162,10,1,0
BRDA:179,11,0,0
BRDA:218,12,0,0
BRDA:218,12,1,0
BRDA:228,13,0,0
BRDA:228,13,1,0
BRDA:234,14,0,0
BRDA:234,14,1,0
BRDA:234,15,0,0
BRDA:234,15,1,0
BRDA:252,16,0,0
BRDA:252,16,1,0
BRDA:278,17,0,0
BRDA:279,18,0,0
BRDA:279,18,1,0
BRDA:282,19,0,0
BRDA:282,19,1,0
BRDA:282,20,0,0
BRDA:282,20,1,0
BRDA:287,21,0,0
BRDA:287,21,1,0
BRDA:288,22,0,0
BRDA:288,22,1,0
BRDA:288,23,0,0
BRDA:288,23,1,0
BRDA:291,24,0,0
BRDA:291,24,1,0
BRDA:291,25,0,0
BRDA:291,25,1,0
BRDA:291,25,2,0
BRDA:297,26,0,0
BRDA:297,26,1,0
BRDA:297,27,0,0
BRDA:297,27,1,0
BRDA:301,28,0,0
BRDA:301,28,1,0
BRDA:301,29,0,0
BRDA:301,29,1,0
BRDA:301,29,2,0
BRDA:306,30,0,0
BRDA:306,30,1,0
BRDA:307,31,0,0
BRDA:307,31,1,0
BRDA:307,32,0,0
BRDA:307,32,1,0
BRDA:314,33,0,0
BRDA:314,33,1,0
BRDA:314,34,0,0
BRDA:314,34,1,0
BRDA:336,35,0,0
BRDA:340,36,0,0
BRDA:340,36,1,0
BRDA:341,37,0,0
BRDA:341,37,1,0
BRDA:342,38,0,0
BRDA:342,38,1,0
BRDA:374,39,0,0
BRDA:374,39,1,0
BRDA:379,40,0,0
BRDA:379,40,1,0
BRDA:379,41,0,0
BRDA:379,41,1,0
BRDA:382,42,0,0
BRDA:382,42,1,0
BRDA:396,43,0,0
BRDA:396,43,1,0
BRDA:400,44,0,0
BRDA:400,44,1,0
BRDA:403,45,0,0
BRDA:403,45,1,0
BRDA:420,46,0,0
BRDA:420,46,1,0
BRDA:438,47,0,0
BRDA:471,48,0,0
BRDA:471,48,1,0
BRDA:476,49,0,0
BRDA:476,49,1,0
BRDA:482,50,0,0
BRDA:482,50,1,0
BRDA:502,51,0,0
BRDA:502,51,1,0
BRDA:510,52,0,0
BRDA:510,52,1,0
BRDA:510,53,0,0
BRDA:510,53,1,0
BRDA:530,54,0,0
BRDA:530,54,1,0
BRDA:530,55,0,0
BRDA:530,55,1,0
BRDA:535,56,0,0
BRDA:535,56,1,0
BRDA:535,57,0,0
BRDA:535,57,1,0
BRF:116
BRH:0
end_of_record
TN:
SF:src\validation\schemas.ts
FN:33,(anonymous_0)
FN:36,(anonymous_1)
FN:39,(anonymous_2)
FN:42,(anonymous_3)
FN:46,(anonymous_4)
FN:49,(anonymous_5)
FN:52,(anonymous_6)
FN:64,(anonymous_7)
FN:69,(anonymous_8)
FN:85,(anonymous_9)
FN:90,(anonymous_10)
FN:96,(anonymous_11)
FN:110,(anonymous_12)
FN:117,(anonymous_13)
FN:132,(anonymous_14)
FN:137,(anonymous_15)
FN:142,(anonymous_16)
FN:147,(anonymous_17)
FN:158,(anonymous_18)
FN:162,(anonymous_19)
FN:163,(anonymous_20)
FN:164,(anonymous_21)
FN:165,(anonymous_22)
FN:173,(anonymous_23)
FN:178,(anonymous_24)
FN:199,(anonymous_25)
FN:202,(anonymous_26)
FN:208,(anonymous_27)
FN:216,(anonymous_28)
FN:247,safeParse
FN:268,formatZodError
FN:271,(anonymous_31)
FNF:32
FNH:0
FNDA:0,(anonymous_0)
FNDA:0,(anonymous_1)
FNDA:0,(anonymous_2)
FNDA:0,(anonymous_3)
FNDA:0,(anonymous_4)
FNDA:0,(anonymous_5)
FNDA:0,(anonymous_6)
FNDA:0,(anonymous_7)
FNDA:0,(anonymous_8)
FNDA:0,(anonymous_9)
FNDA:0,(anonymous_10)
FNDA:0,(anonymous_11)
FNDA:0,(anonymous_12)
FNDA:0,(anonymous_13)
FNDA:0,(anonymous_14)
FNDA:0,(anonymous_15)
FNDA:0,(anonymous_16)
FNDA:0,(anonymous_17)
FNDA:0,(anonymous_18)
FNDA:0,(anonymous_19)
FNDA:0,(anonymous_20)
FNDA:0,(anonymous_21)
FNDA:0,(anonymous_22)
FNDA:0,(anonymous_23)
FNDA:0,(anonymous_24)
FNDA:0,(anonymous_25)
FNDA:0,(anonymous_26)
FNDA:0,(anonymous_27)
FNDA:0,(anonymous_28)
FNDA:0,safeParse
FNDA:0,formatZodError
FNDA:0,(anonymous_31)
DA:1,0
DA:4,0
DA:21,0
DA:32,0
DA:33,0
DA:36,0
DA:39,0
DA:42,0
DA:45,0
DA:46,0
DA:49,0
DA:52,0
DA:59,0
DA:64,0
DA:69,0
DA:80,0
DA:85,0
DA:90,0
DA:97,0
DA:98,0
DA:111,0
DA:112,0
DA:117,0
DA:128,0
DA:132,0
DA:137,0
DA:142,0
DA:147,0
DA:155,0
DA:158,0
DA:162,0
DA:163,0
DA:164,0
DA:165,0
DA:169,0
DA:173,0
DA:178,0
DA:197,0
DA:199,0
DA:202,0
DA:208,0
DA:213,0
DA:216,0
DA:247,0
DA:252,0
DA:253,0
DA:254,0
DA:260,0
DA:268,0
DA:269,0
DA:271,0
DA:272,0
DA:273,0
DA:276,0
LF:54
LH:0
BRDA:42,0,0,0
BRDA:42,0,1,0
BRDA:64,1,0,0
BRDA:64,1,1,0
BRDA:69,2,0,0
BRDA:69,2,1,0
BRDA:85,3,0,0
BRDA:85,3,1,0
BRDA:90,4,0,0
BRDA:90,4,1,0
BRDA:98,5,0,0
BRDA:98,5,1,0
BRDA:112,6,0,0
BRDA:112,6,1,0
BRDA:112,6,2,0
BRDA:117,7,0,0
BRDA:117,7,1,0
BRDA:132,8,0,0
BRDA:132,8,1,0
BRDA:137,9,0,0
BRDA:137,9,1,0
BRDA:142,10,0,0
BRDA:142,10,1,0
BRDA:147,11,0,0
BRDA:147,11,1,0
BRDA:158,12,0,0
BRDA:158,12,1,0
BRDA:173,13,0,0
BRDA:173,13,1,0
BRDA:178,14,0,0
BRDA:178,14,1,0
BRDA:208,15,0,0
BRDA:208,15,1,0
BRDA:216,16,0,0
BRDA:216,16,1,0
BRDA:256,17,0,0
BRDA:256,17,1,0
BRDA:257,18,0,0
BRDA:257,18,1,0
BRDA:262,19,0,0
BRDA:262,19,1,0
BRF:41
BRH:0
end_of_record
